<?xml version="1.0" encoding="UTF-8"?>
<coverage generated="1692032591580" clover="3.2.0">
  <project timestamp="1692032591580" name="All files">
    <metrics statements="153" coveredstatements="88" conditionals="43" coveredconditionals="16" methods="47" coveredmethods="16" elements="243" coveredelements="120" complexity="0" loc="153" ncloc="153" packages="25" files="27" classes="27"/>
    <package name="components.Button">
      <metrics statements="1" coveredstatements="1" conditionals="3" coveredconditionals="2" methods="1" coveredmethods="1"/>
      <file name="Button.tsx" path="/workspaces/app-beachTenis/src/components/Button/Button.tsx">
        <metrics statements="1" coveredstatements="1" conditionals="3" coveredconditionals="2" methods="1" coveredmethods="1"/>
        <line num="10" count="512" type="stmt"/>
      </file>
    </package>
    <package name="components.PostLogged">
      <metrics statements="1" coveredstatements="1" conditionals="0" coveredconditionals="0" methods="0" coveredmethods="0"/>
      <file name="index.tsx" path="/workspaces/app-beachTenis/src/components/PostLogged/index.tsx">
        <metrics statements="1" coveredstatements="1" conditionals="0" coveredconditionals="0" methods="0" coveredmethods="0"/>
        <line num="15" count="30" type="stmt"/>
      </file>
    </package>
    <package name="components.PostLogged.AddBanner">
      <metrics statements="1" coveredstatements="1" conditionals="0" coveredconditionals="0" methods="1" coveredmethods="1"/>
      <file name="AddBanner.tsx" path="/workspaces/app-beachTenis/src/components/PostLogged/AddBanner/AddBanner.tsx">
        <metrics statements="1" coveredstatements="1" conditionals="0" coveredconditionals="0" methods="1" coveredmethods="1"/>
        <line num="8" count="512" type="stmt"/>
      </file>
    </package>
    <package name="components.PostLogged.ButtonBack">
      <metrics statements="1" coveredstatements="0" conditionals="0" coveredconditionals="0" methods="1" coveredmethods="0"/>
      <file name="ButtonBack.tsx" path="/workspaces/app-beachTenis/src/components/PostLogged/ButtonBack/ButtonBack.tsx">
        <metrics statements="1" coveredstatements="0" conditionals="0" coveredconditionals="0" methods="1" coveredmethods="0"/>
        <line num="13" count="0" type="stmt"/>
      </file>
    </package>
    <package name="components.PostLogged.ButtonPlus">
      <metrics statements="1" coveredstatements="0" conditionals="0" coveredconditionals="0" methods="1" coveredmethods="0"/>
      <file name="ButtonPlus.tsx" path="/workspaces/app-beachTenis/src/components/PostLogged/ButtonPlus/ButtonPlus.tsx">
        <metrics statements="1" coveredstatements="0" conditionals="0" coveredconditionals="0" methods="1" coveredmethods="0"/>
        <line num="12" count="0" type="stmt"/>
      </file>
    </package>
    <package name="components.PostLogged.Combobox">
      <metrics statements="3" coveredstatements="3" conditionals="6" coveredconditionals="5" methods="2" coveredmethods="2"/>
      <file name="Combobox.tsx" path="/workspaces/app-beachTenis/src/components/PostLogged/Combobox/Combobox.tsx">
        <metrics statements="3" coveredstatements="3" conditionals="6" coveredconditionals="5" methods="2" coveredmethods="2"/>
        <line num="13" count="30" type="stmt"/>
        <line num="16" count="1024" type="stmt"/>
        <line num="25" count="2048" type="cond" truecount="1" falsecount="1"/>
      </file>
    </package>
    <package name="components.PostLogged.FormCategory">
      <metrics statements="10" coveredstatements="0" conditionals="6" coveredconditionals="0" methods="3" coveredmethods="0"/>
      <file name="FormCategory.tsx" path="/workspaces/app-beachTenis/src/components/PostLogged/FormCategory/FormCategory.tsx">
        <metrics statements="10" coveredstatements="0" conditionals="6" coveredconditionals="0" methods="3" coveredmethods="0"/>
        <line num="23" count="0" type="stmt"/>
        <line num="26" count="0" type="stmt"/>
        <line num="28" count="0" type="stmt"/>
        <line num="29" count="0" type="cond" truecount="0" falsecount="2"/>
        <line num="30" count="0" type="stmt"/>
        <line num="31" count="0" type="stmt"/>
        <line num="32" count="0" type="stmt"/>
        <line num="38" count="0" type="stmt"/>
        <line num="39" count="0" type="stmt"/>
        <line num="42" count="0" type="stmt"/>
      </file>
    </package>
    <package name="components.PostLogged.FormTournament">
      <metrics statements="25" coveredstatements="11" conditionals="8" coveredconditionals="6" methods="7" coveredmethods="6"/>
      <file name="FormTournament.tsx" path="/workspaces/app-beachTenis/src/components/PostLogged/FormTournament/FormTournament.tsx">
        <metrics statements="25" coveredstatements="11" conditionals="8" coveredconditionals="6" methods="7" coveredmethods="6"/>
        <line num="28" count="512" type="stmt"/>
        <line num="29" count="512" type="stmt"/>
        <line num="30" count="512" type="stmt"/>
        <line num="32" count="512" type="stmt"/>
        <line num="33" count="466" type="stmt"/>
        <line num="34" count="466" type="cond" truecount="1" falsecount="1"/>
        <line num="35" count="0" type="stmt"/>
        <line num="36" count="0" type="stmt"/>
        <line num="37" count="0" type="stmt"/>
        <line num="38" count="0" type="stmt"/>
        <line num="39" count="0" type="stmt"/>
        <line num="40" count="0" type="stmt"/>
        <line num="41" count="0" type="stmt"/>
        <line num="42" count="0" type="stmt"/>
        <line num="43" count="0" type="stmt"/>
        <line num="48" count="0" type="stmt"/>
        <line num="49" count="0" type="stmt"/>
        <line num="50" count="0" type="stmt"/>
        <line num="51" count="0" type="stmt"/>
        <line num="52" count="0" type="stmt"/>
        <line num="56" count="512" type="stmt"/>
        <line num="77" count="1024" type="stmt"/>
        <line num="78" count="1024" type="stmt"/>
        <line num="87" count="1024" type="stmt"/>
        <line num="88" count="1024" type="stmt"/>
      </file>
    </package>
    <package name="components.PostLogged.FormTournamentSponsor">
      <metrics statements="7" coveredstatements="0" conditionals="2" coveredconditionals="0" methods="2" coveredmethods="0"/>
      <file name="FormTournamentSponsor.tsx" path="/workspaces/app-beachTenis/src/components/PostLogged/FormTournamentSponsor/FormTournamentSponsor.tsx">
        <metrics statements="7" coveredstatements="0" conditionals="2" coveredconditionals="0" methods="2" coveredmethods="0"/>
        <line num="22" count="0" type="stmt"/>
        <line num="25" count="0" type="stmt"/>
        <line num="27" count="0" type="stmt"/>
        <line num="28" count="0" type="cond" truecount="0" falsecount="2"/>
        <line num="29" count="0" type="stmt"/>
        <line num="30" count="0" type="stmt"/>
        <line num="34" count="0" type="stmt"/>
      </file>
    </package>
    <package name="components.PostLogged.Input">
      <metrics statements="2" coveredstatements="2" conditionals="2" coveredconditionals="2" methods="1" coveredmethods="1"/>
      <file name="Input.tsx" path="/workspaces/app-beachTenis/src/components/PostLogged/Input/Input.tsx">
        <metrics statements="2" coveredstatements="2" conditionals="2" coveredconditionals="2" methods="1" coveredmethods="1"/>
        <line num="10" count="30" type="stmt"/>
        <line num="11" count="3072" type="stmt"/>
      </file>
    </package>
    <package name="components.PostLogged.ItemList">
      <metrics statements="1" coveredstatements="1" conditionals="0" coveredconditionals="0" methods="0" coveredmethods="0"/>
      <file name="index.tsx" path="/workspaces/app-beachTenis/src/components/PostLogged/ItemList/index.tsx">
        <metrics statements="1" coveredstatements="1" conditionals="0" coveredconditionals="0" methods="0" coveredmethods="0"/>
        <line num="8" count="30" type="stmt"/>
      </file>
    </package>
    <package name="components.PostLogged.ItemList.ItemListButtons">
      <metrics statements="1" coveredstatements="0" conditionals="0" coveredconditionals="0" methods="1" coveredmethods="0"/>
      <file name="ItemListButtons.tsx" path="/workspaces/app-beachTenis/src/components/PostLogged/ItemList/ItemListButtons/ItemListButtons.tsx">
        <metrics statements="1" coveredstatements="0" conditionals="0" coveredconditionals="0" methods="1" coveredmethods="0"/>
        <line num="11" count="0" type="stmt"/>
      </file>
    </package>
    <package name="components.PostLogged.ItemList.ItemListPeriod">
      <metrics statements="1" coveredstatements="0" conditionals="0" coveredconditionals="0" methods="1" coveredmethods="0"/>
      <file name="ItemListPeriod.tsx" path="/workspaces/app-beachTenis/src/components/PostLogged/ItemList/ItemListPeriod/ItemListPeriod.tsx">
        <metrics statements="1" coveredstatements="0" conditionals="0" coveredconditionals="0" methods="1" coveredmethods="0"/>
        <line num="11" count="0" type="stmt"/>
      </file>
    </package>
    <package name="components.PostLogged.ItemList.ItemListPhoto">
      <metrics statements="1" coveredstatements="0" conditionals="0" coveredconditionals="0" methods="1" coveredmethods="0"/>
      <file name="ItemListPhoto.tsx" path="/workspaces/app-beachTenis/src/components/PostLogged/ItemList/ItemListPhoto/ItemListPhoto.tsx">
        <metrics statements="1" coveredstatements="0" conditionals="0" coveredconditionals="0" methods="1" coveredmethods="0"/>
        <line num="13" count="0" type="stmt"/>
      </file>
    </package>
    <package name="components.PostLogged.ItemList.ItemListPhotos">
      <metrics statements="1" coveredstatements="0" conditionals="0" coveredconditionals="0" methods="1" coveredmethods="0"/>
      <file name="ItemListPhotos.tsx" path="/workspaces/app-beachTenis/src/components/PostLogged/ItemList/ItemListPhotos/ItemListPhotos.tsx">
        <metrics statements="1" coveredstatements="0" conditionals="0" coveredconditionals="0" methods="1" coveredmethods="0"/>
        <line num="13" count="0" type="stmt"/>
      </file>
    </package>
    <package name="components.PostLogged.ItemList.ItemListText">
      <metrics statements="2" coveredstatements="0" conditionals="2" coveredconditionals="0" methods="1" coveredmethods="0"/>
      <file name="ItemListText.tsx" path="/workspaces/app-beachTenis/src/components/PostLogged/ItemList/ItemListText/ItemListText.tsx">
        <metrics statements="2" coveredstatements="0" conditionals="2" coveredconditionals="0" methods="1" coveredmethods="0"/>
        <line num="11" count="0" type="cond" truecount="0" falsecount="2"/>
        <line num="13" count="0" type="stmt"/>
      </file>
    </package>
    <package name="components.PostLogged.ItemList.ItemListWrapper">
      <metrics statements="1" coveredstatements="0" conditionals="0" coveredconditionals="0" methods="1" coveredmethods="0"/>
      <file name="ItemListWrapper.tsx" path="/workspaces/app-beachTenis/src/components/PostLogged/ItemList/ItemListWrapper/ItemListWrapper.tsx">
        <metrics statements="1" coveredstatements="0" conditionals="0" coveredconditionals="0" methods="1" coveredmethods="0"/>
        <line num="11" count="0" type="stmt"/>
      </file>
    </package>
    <package name="components.PostLogged.LayoutPage">
      <metrics statements="1" coveredstatements="1" conditionals="0" coveredconditionals="0" methods="0" coveredmethods="0"/>
      <file name="index.tsx" path="/workspaces/app-beachTenis/src/components/PostLogged/LayoutPage/index.tsx">
        <metrics statements="1" coveredstatements="1" conditionals="0" coveredconditionals="0" methods="0" coveredmethods="0"/>
        <line num="5" count="30" type="stmt"/>
      </file>
    </package>
    <package name="components.PostLogged.LayoutPage.Footer">
      <metrics statements="4" coveredstatements="0" conditionals="0" coveredconditionals="0" methods="3" coveredmethods="0"/>
      <file name="Footer.tsx" path="/workspaces/app-beachTenis/src/components/PostLogged/LayoutPage/Footer/Footer.tsx">
        <metrics statements="4" coveredstatements="0" conditionals="0" coveredconditionals="0" methods="3" coveredmethods="0"/>
        <line num="13" count="0" type="stmt"/>
        <line num="15" count="0" type="stmt"/>
        <line num="18" count="0" type="stmt"/>
        <line num="30" count="0" type="stmt"/>
      </file>
    </package>
    <package name="components.PostLogged.LayoutPage.Header">
      <metrics statements="1" coveredstatements="0" conditionals="0" coveredconditionals="0" methods="1" coveredmethods="0"/>
      <file name="Header.tsx" path="/workspaces/app-beachTenis/src/components/PostLogged/LayoutPage/Header/Header.tsx">
        <metrics statements="1" coveredstatements="0" conditionals="0" coveredconditionals="0" methods="1" coveredmethods="0"/>
        <line num="11" count="0" type="stmt"/>
      </file>
    </package>
    <package name="components.PostLogged.LayoutPage.Layout">
      <metrics statements="1" coveredstatements="0" conditionals="0" coveredconditionals="0" methods="1" coveredmethods="0"/>
      <file name="Layout.tsx" path="/workspaces/app-beachTenis/src/components/PostLogged/LayoutPage/Layout/Layout.tsx">
        <metrics statements="1" coveredstatements="0" conditionals="0" coveredconditionals="0" methods="1" coveredmethods="0"/>
        <line num="12" count="0" type="stmt"/>
      </file>
    </package>
    <package name="components.PostLogged.TextArea">
      <metrics statements="2" coveredstatements="2" conditionals="0" coveredconditionals="0" methods="1" coveredmethods="1"/>
      <file name="TextArea.tsx" path="/workspaces/app-beachTenis/src/components/PostLogged/TextArea/TextArea.tsx">
        <metrics statements="2" coveredstatements="2" conditionals="0" coveredconditionals="0" methods="1" coveredmethods="1"/>
        <line num="10" count="30" type="stmt"/>
        <line num="11" count="512" type="stmt"/>
      </file>
    </package>
    <package name="constants">
      <metrics statements="49" coveredstatements="49" conditionals="0" coveredconditionals="0" methods="0" coveredmethods="0"/>
      <file name="fields.ts" path="/workspaces/app-beachTenis/src/constants/fields.ts">
        <metrics statements="4" coveredstatements="4" conditionals="0" coveredconditionals="0" methods="0" coveredmethods="0"/>
        <line num="4" count="30" type="stmt"/>
        <line num="43" count="30" type="stmt"/>
        <line num="58" count="30" type="stmt"/>
        <line num="70" count="30" type="stmt"/>
      </file>
      <file name="wordsPhrases.ts" path="/workspaces/app-beachTenis/src/constants/wordsPhrases.ts">
        <metrics statements="45" coveredstatements="45" conditionals="0" coveredconditionals="0" methods="0" coveredmethods="0"/>
        <line num="3" count="30" type="stmt"/>
        <line num="4" count="30" type="stmt"/>
        <line num="5" count="30" type="stmt"/>
        <line num="6" count="30" type="stmt"/>
        <line num="7" count="30" type="stmt"/>
        <line num="8" count="30" type="stmt"/>
        <line num="9" count="30" type="stmt"/>
        <line num="10" count="30" type="stmt"/>
        <line num="11" count="30" type="stmt"/>
        <line num="12" count="30" type="stmt"/>
        <line num="13" count="30" type="stmt"/>
        <line num="14" count="30" type="stmt"/>
        <line num="20" count="30" type="stmt"/>
        <line num="21" count="30" type="stmt"/>
        <line num="22" count="30" type="stmt"/>
        <line num="23" count="30" type="stmt"/>
        <line num="24" count="30" type="stmt"/>
        <line num="25" count="30" type="stmt"/>
        <line num="26" count="30" type="stmt"/>
        <line num="27" count="30" type="stmt"/>
        <line num="28" count="30" type="stmt"/>
        <line num="29" count="30" type="stmt"/>
        <line num="31" count="30" type="stmt"/>
        <line num="32" count="30" type="stmt"/>
        <line num="35" count="30" type="stmt"/>
        <line num="36" count="30" type="stmt"/>
        <line num="39" count="30" type="stmt"/>
        <line num="40" count="30" type="stmt"/>
        <line num="41" count="30" type="stmt"/>
        <line num="42" count="30" type="stmt"/>
        <line num="43" count="30" type="stmt"/>
        <line num="44" count="30" type="stmt"/>
        <line num="45" count="30" type="stmt"/>
        <line num="46" count="30" type="stmt"/>
        <line num="48" count="30" type="stmt"/>
        <line num="50" count="30" type="stmt"/>
        <line num="51" count="30" type="stmt"/>
        <line num="53" count="30" type="stmt"/>
        <line num="54" count="30" type="stmt"/>
        <line num="56" count="30" type="stmt"/>
        <line num="57" count="30" type="stmt"/>
        <line num="58" count="30" type="stmt"/>
        <line num="60" count="30" type="stmt"/>
        <line num="61" count="30" type="stmt"/>
        <line num="63" count="30" type="stmt"/>
      </file>
    </package>
    <package name="enums">
      <metrics statements="0" coveredstatements="0" conditionals="0" coveredconditionals="0" methods="0" coveredmethods="0"/>
      <file name="routes.enum.ts" path="/workspaces/app-beachTenis/src/enums/routes.enum.ts">
        <metrics statements="0" coveredstatements="0" conditionals="0" coveredconditionals="0" methods="0" coveredmethods="0"/>
      </file>
    </package>
    <package name="helper">
      <metrics statements="35" coveredstatements="16" conditionals="14" coveredconditionals="1" methods="16" coveredmethods="4"/>
      <file name="Validations.ts" path="/workspaces/app-beachTenis/src/helper/Validations.ts">
        <metrics statements="20" coveredstatements="14" conditionals="8" coveredconditionals="0" methods="9" coveredmethods="3"/>
        <line num="8" count="30" type="stmt"/>
        <line num="14" count="30" type="stmt"/>
        <line num="18" count="30" type="stmt"/>
        <line num="24" count="0" type="stmt"/>
        <line num="28" count="30" type="stmt"/>
        <line num="32" count="30" type="stmt"/>
        <line num="36" count="0" type="stmt"/>
        <line num="40" count="30" type="stmt"/>
        <line num="46" count="30" type="stmt"/>
        <line num="53" count="30" type="stmt"/>
        <line num="84" count="0" type="cond" truecount="0" falsecount="2"/>
        <line num="88" count="512" type="stmt"/>
        <line num="94" count="0" type="cond" truecount="0" falsecount="2"/>
        <line num="99" count="512" type="stmt"/>
        <line num="105" count="0" type="cond" truecount="0" falsecount="2"/>
        <line num="110" count="512" type="stmt"/>
        <line num="116" count="0" type="cond" truecount="0" falsecount="2"/>
        <line num="129" count="30" type="stmt"/>
        <line num="135" count="30" type="stmt"/>
        <line num="143" count="30" type="stmt"/>
      </file>
      <file name="convertData.ts" path="/workspaces/app-beachTenis/src/helper/convertData.ts">
        <metrics statements="15" coveredstatements="2" conditionals="6" coveredconditionals="1" methods="7" coveredmethods="1"/>
        <line num="4" count="0" type="stmt"/>
        <line num="9" count="60" type="cond" truecount="1" falsecount="1"/>
        <line num="12" count="60" type="stmt"/>
        <line num="17" count="0" type="stmt"/>
        <line num="18" count="0" type="cond" truecount="0" falsecount="2"/>
        <line num="19" count="0" type="stmt"/>
        <line num="24" count="0" type="stmt"/>
        <line num="25" count="0" type="cond" truecount="0" falsecount="2"/>
        <line num="26" count="0" type="stmt"/>
        <line num="31" count="0" type="stmt"/>
        <line num="32" count="0" type="stmt"/>
        <line num="33" count="0" type="stmt"/>
        <line num="34" count="0" type="stmt"/>
        <line num="38" count="0" type="stmt"/>
        <line num="42" count="0" type="stmt"/>
      </file>
    </package>
  </project>
</coverage>
