{"/workspaces/app-beachTenis/src/components/Button/Button.tsx": {"path":"/workspaces/app-beachTenis/src/components/Button/Button.tsx","statementMap":{"0":{"start":{"line":10,"column":4},"end":{"line":15,"column":6}}},"fnMap":{"0":{"name":"Button","decl":{"start":{"line":9,"column":16},"end":{"line":9,"column":22}},"loc":{"start":{"line":9,"column":63},"end":{"line":16,"column":1}},"line":9}},"branchMap":{"0":{"loc":{"start":{"line":9,"column":25},"end":{"line":9,"column":38}},"type":"default-arg","locations":[{"start":{"line":9,"column":33},"end":{"line":9,"column":38}}],"line":9},"1":{"loc":{"start":{"line":13,"column":43},"end":{"line":13,"column":78}},"type":"cond-expr","locations":[{"start":{"line":13,"column":51},"end":{"line":13,"column":63}},{"start":{"line":13,"column":66},"end":{"line":13,"column":78}}],"line":13}},"s":{"0":512},"f":{"0":512},"b":{"0":[512],"1":[0,512]},"_coverageSchema":"1a1c01bbd47fc00a2c39e90264f33305004495a9","hash":"fdea9e853f46ae7e465fe48d1a74ae1d05d39605"}
,"/workspaces/app-beachTenis/src/components/PostLogged/index.tsx": {"path":"/workspaces/app-beachTenis/src/components/PostLogged/index.tsx","statementMap":{"0":{"start":{"line":15,"column":26},"end":{"line":28,"column":1}}},"fnMap":{},"branchMap":{},"s":{"0":30},"f":{},"b":{},"_coverageSchema":"1a1c01bbd47fc00a2c39e90264f33305004495a9","hash":"8488b797692067886d35236a8d2861c441abbd7e"}
,"/workspaces/app-beachTenis/src/components/PostLogged/AddBanner/AddBanner.tsx": {"path":"/workspaces/app-beachTenis/src/components/PostLogged/AddBanner/AddBanner.tsx","statementMap":{"0":{"start":{"line":8,"column":4},"end":{"line":16,"column":6}}},"fnMap":{"0":{"name":"AddBanner","decl":{"start":{"line":6,"column":16},"end":{"line":6,"column":25}},"loc":{"start":{"line":6,"column":28},"end":{"line":17,"column":1}},"line":6}},"branchMap":{},"s":{"0":512},"f":{"0":512},"b":{},"_coverageSchema":"1a1c01bbd47fc00a2c39e90264f33305004495a9","hash":"d7b880541bced2a6ca50b47ba67a921c38407103"}
,"/workspaces/app-beachTenis/src/components/PostLogged/ButtonBack/ButtonBack.tsx": {"path":"/workspaces/app-beachTenis/src/components/PostLogged/ButtonBack/ButtonBack.tsx","statementMap":{"0":{"start":{"line":13,"column":4},"end":{"line":20,"column":6}}},"fnMap":{"0":{"name":"ButtonBack","decl":{"start":{"line":11,"column":16},"end":{"line":11,"column":26}},"loc":{"start":{"line":11,"column":50},"end":{"line":21,"column":1}},"line":11}},"branchMap":{},"s":{"0":0},"f":{"0":0},"b":{},"_coverageSchema":"1a1c01bbd47fc00a2c39e90264f33305004495a9","hash":"251eb22a999b245fbff7183b9d6152dc19ea8763"}
,"/workspaces/app-beachTenis/src/components/PostLogged/ButtonPlus/ButtonPlus.tsx": {"path":"/workspaces/app-beachTenis/src/components/PostLogged/ButtonPlus/ButtonPlus.tsx","statementMap":{"0":{"start":{"line":12,"column":4},"end":{"line":19,"column":6}}},"fnMap":{"0":{"name":"ButtonPlus","decl":{"start":{"line":10,"column":16},"end":{"line":10,"column":26}},"loc":{"start":{"line":10,"column":50},"end":{"line":20,"column":1}},"line":10}},"branchMap":{},"s":{"0":0},"f":{"0":0},"b":{},"_coverageSchema":"1a1c01bbd47fc00a2c39e90264f33305004495a9","hash":"afb6739c931eadf547313f10372d3c5f379c7faf"}
,"/workspaces/app-beachTenis/src/components/PostLogged/Combobox/Combobox.tsx": {"path":"/workspaces/app-beachTenis/src/components/PostLogged/Combobox/Combobox.tsx","statementMap":{"0":{"start":{"line":13,"column":24},"end":{"line":35,"column":2}},"1":{"start":{"line":16,"column":4},"end":{"line":34,"column":10}},"2":{"start":{"line":25,"column":20},"end":{"line":25,"column":93}}},"fnMap":{"0":{"name":"(anonymous_0)","decl":{"start":{"line":13,"column":75},"end":{"line":13,"column":76}},"loc":{"start":{"line":16,"column":4},"end":{"line":34,"column":10}},"line":16},"1":{"name":"(anonymous_1)","decl":{"start":{"line":24,"column":30},"end":{"line":24,"column":31}},"loc":{"start":{"line":25,"column":20},"end":{"line":25,"column":93}},"line":25}},"branchMap":{"0":{"loc":{"start":{"line":19,"column":27},"end":{"line":19,"column":60}},"type":"cond-expr","locations":[{"start":{"line":19,"column":38},"end":{"line":19,"column":55}},{"start":{"line":19,"column":58},"end":{"line":19,"column":60}}],"line":19},"1":{"loc":{"start":{"line":25,"column":45},"end":{"line":25,"column":77}},"type":"cond-expr","locations":[{"start":{"line":25,"column":57},"end":{"line":25,"column":71}},{"start":{"line":25,"column":74},"end":{"line":25,"column":77}}],"line":25},"2":{"loc":{"start":{"line":30,"column":33},"end":{"line":30,"column":98}},"type":"cond-expr","locations":[{"start":{"line":30,"column":43},"end":{"line":30,"column":68}},{"start":{"line":30,"column":71},"end":{"line":30,"column":98}}],"line":30}},"s":{"0":30,"1":1024,"2":2048},"f":{"0":1024,"1":2048},"b":{"0":[4,1020],"1":[2048,0],"2":[980,44]},"_coverageSchema":"1a1c01bbd47fc00a2c39e90264f33305004495a9","hash":"f9ff3c00ee08e34d5e855174d51494bbe8252421"}
,"/workspaces/app-beachTenis/src/components/PostLogged/FormCategory/FormCategory.tsx": {"path":"/workspaces/app-beachTenis/src/components/PostLogged/FormCategory/FormCategory.tsx","statementMap":{"0":{"start":{"line":23,"column":86},"end":{"line":25,"column":6}},"1":{"start":{"line":26,"column":18},"end":{"line":26,"column":37}},"2":{"start":{"line":28,"column":4},"end":{"line":34,"column":24}},"3":{"start":{"line":29,"column":8},"end":{"line":33,"column":9}},"4":{"start":{"line":30,"column":12},"end":{"line":30,"column":84}},"5":{"start":{"line":31,"column":12},"end":{"line":31,"column":90}},"6":{"start":{"line":32,"column":12},"end":{"line":32,"column":114}},"7":{"start":{"line":38,"column":8},"end":{"line":38,"column":16}},"8":{"start":{"line":39,"column":8},"end":{"line":39,"column":21}},"9":{"start":{"line":42,"column":4},"end":{"line":69,"column":6}}},"fnMap":{"0":{"name":"FormCategory","decl":{"start":{"line":21,"column":16},"end":{"line":21,"column":28}},"loc":{"start":{"line":21,"column":73},"end":{"line":70,"column":1}},"line":21},"1":{"name":"(anonymous_1)","decl":{"start":{"line":28,"column":14},"end":{"line":28,"column":15}},"loc":{"start":{"line":28,"column":19},"end":{"line":34,"column":5}},"line":28},"2":{"name":"submitForm","decl":{"start":{"line":37,"column":13},"end":{"line":37,"column":23}},"loc":{"start":{"line":37,"column":34},"end":{"line":40,"column":5}},"line":37}},"branchMap":{"0":{"loc":{"start":{"line":29,"column":8},"end":{"line":33,"column":9}},"type":"if","locations":[{"start":{"line":29,"column":8},"end":{"line":33,"column":9}},{"start":{"line":29,"column":8},"end":{"line":33,"column":9}}],"line":29},"1":{"loc":{"start":{"line":55,"column":25},"end":{"line":55,"column":84}},"type":"cond-expr","locations":[{"start":{"line":55,"column":72},"end":{"line":55,"column":77}},{"start":{"line":55,"column":80},"end":{"line":55,"column":84}}],"line":55},"2":{"loc":{"start":{"line":66,"column":25},"end":{"line":66,"column":60}},"type":"cond-expr","locations":[{"start":{"line":66,"column":41},"end":{"line":66,"column":48}},{"start":{"line":66,"column":51},"end":{"line":66,"column":60}}],"line":66}},"s":{"0":0,"1":0,"2":0,"3":0,"4":0,"5":0,"6":0,"7":0,"8":0,"9":0},"f":{"0":0,"1":0,"2":0},"b":{"0":[0,0],"1":[0,0],"2":[0,0]},"_coverageSchema":"1a1c01bbd47fc00a2c39e90264f33305004495a9","hash":"b9821476131b229206b033996cd3b35c507ee912"}
,"/workspaces/app-beachTenis/src/components/PostLogged/FormTournament/FormTournament.tsx": {"path":"/workspaces/app-beachTenis/src/components/PostLogged/FormTournament/FormTournament.tsx","statementMap":{"0":{"start":{"line":28,"column":79},"end":{"line":28,"column":88}},"1":{"start":{"line":29,"column":18},"end":{"line":29,"column":39}},"2":{"start":{"line":30,"column":24},"end":{"line":30,"column":50}},"3":{"start":{"line":32,"column":4},"end":{"line":45,"column":24}},"4":{"start":{"line":33,"column":8},"end":{"line":33,"column":34}},"5":{"start":{"line":34,"column":8},"end":{"line":44,"column":9}},"6":{"start":{"line":35,"column":12},"end":{"line":35,"column":72}},"7":{"start":{"line":36,"column":12},"end":{"line":36,"column":74}},"8":{"start":{"line":37,"column":12},"end":{"line":37,"column":64}},"9":{"start":{"line":38,"column":12},"end":{"line":38,"column":62}},"10":{"start":{"line":39,"column":12},"end":{"line":39,"column":108}},"11":{"start":{"line":40,"column":12},"end":{"line":40,"column":108}},"12":{"start":{"line":41,"column":12},"end":{"line":41,"column":104}},"13":{"start":{"line":42,"column":12},"end":{"line":42,"column":104}},"14":{"start":{"line":43,"column":12},"end":{"line":43,"column":82}},"15":{"start":{"line":48,"column":8},"end":{"line":48,"column":103}},"16":{"start":{"line":49,"column":8},"end":{"line":49,"column":103}},"17":{"start":{"line":50,"column":8},"end":{"line":50,"column":99}},"18":{"start":{"line":51,"column":8},"end":{"line":51,"column":99}},"19":{"start":{"line":52,"column":8},"end":{"line":52,"column":21}},"20":{"start":{"line":56,"column":4},"end":{"line":145,"column":6}},"21":{"start":{"line":77,"column":46},"end":{"line":77,"column":59}},"22":{"start":{"line":78,"column":48},"end":{"line":78,"column":52}},"23":{"start":{"line":87,"column":46},"end":{"line":87,"column":52}},"24":{"start":{"line":88,"column":48},"end":{"line":88,"column":52}}},"fnMap":{"0":{"name":"FormTournament","decl":{"start":{"line":26,"column":16},"end":{"line":26,"column":30}},"loc":{"start":{"line":26,"column":112},"end":{"line":146,"column":1}},"line":26},"1":{"name":"(anonymous_1)","decl":{"start":{"line":32,"column":14},"end":{"line":32,"column":15}},"loc":{"start":{"line":32,"column":20},"end":{"line":45,"column":5}},"line":32},"2":{"name":"submitForm","decl":{"start":{"line":47,"column":13},"end":{"line":47,"column":23}},"loc":{"start":{"line":47,"column":35},"end":{"line":53,"column":5}},"line":47},"3":{"name":"(anonymous_3)","decl":{"start":{"line":77,"column":41},"end":{"line":77,"column":42}},"loc":{"start":{"line":77,"column":46},"end":{"line":77,"column":59}},"line":77},"4":{"name":"(anonymous_4)","decl":{"start":{"line":78,"column":43},"end":{"line":78,"column":44}},"loc":{"start":{"line":78,"column":48},"end":{"line":78,"column":52}},"line":78},"5":{"name":"(anonymous_5)","decl":{"start":{"line":87,"column":41},"end":{"line":87,"column":42}},"loc":{"start":{"line":87,"column":46},"end":{"line":87,"column":52}},"line":87},"6":{"name":"(anonymous_6)","decl":{"start":{"line":88,"column":43},"end":{"line":88,"column":44}},"loc":{"start":{"line":88,"column":48},"end":{"line":88,"column":52}},"line":88}},"branchMap":{"0":{"loc":{"start":{"line":34,"column":8},"end":{"line":44,"column":9}},"type":"if","locations":[{"start":{"line":34,"column":8},"end":{"line":44,"column":9}},{"start":{"line":34,"column":8},"end":{"line":44,"column":9}}],"line":34},"1":{"loc":{"start":{"line":79,"column":29},"end":{"line":79,"column":69}},"type":"cond-expr","locations":[{"start":{"line":79,"column":57},"end":{"line":79,"column":62}},{"start":{"line":79,"column":65},"end":{"line":79,"column":69}}],"line":79},"2":{"loc":{"start":{"line":89,"column":29},"end":{"line":89,"column":68}},"type":"cond-expr","locations":[{"start":{"line":89,"column":56},"end":{"line":89,"column":61}},{"start":{"line":89,"column":64},"end":{"line":89,"column":68}}],"line":89},"3":{"loc":{"start":{"line":142,"column":25},"end":{"line":142,"column":60}},"type":"cond-expr","locations":[{"start":{"line":142,"column":41},"end":{"line":142,"column":48}},{"start":{"line":142,"column":51},"end":{"line":142,"column":60}}],"line":142}},"s":{"0":512,"1":512,"2":512,"3":512,"4":466,"5":466,"6":0,"7":0,"8":0,"9":0,"10":0,"11":0,"12":0,"13":0,"14":0,"15":0,"16":0,"17":0,"18":0,"19":0,"20":512,"21":1024,"22":1024,"23":1024,"24":1024},"f":{"0":512,"1":466,"2":0,"3":1024,"4":1024,"5":1024,"6":1024},"b":{"0":[0,466],"1":[24,488],"2":[20,492],"3":[0,512]},"_coverageSchema":"1a1c01bbd47fc00a2c39e90264f33305004495a9","hash":"3976a447114e95143b1937b0d3447a117b3e940d"}
,"/workspaces/app-beachTenis/src/components/PostLogged/FormTournamentSponsor/FormTournamentSponsor.tsx": {"path":"/workspaces/app-beachTenis/src/components/PostLogged/FormTournamentSponsor/FormTournamentSponsor.tsx","statementMap":{"0":{"start":{"line":22,"column":72},"end":{"line":24,"column":6}},"1":{"start":{"line":25,"column":18},"end":{"line":25,"column":46}},"2":{"start":{"line":27,"column":4},"end":{"line":32,"column":24}},"3":{"start":{"line":28,"column":8},"end":{"line":31,"column":9}},"4":{"start":{"line":29,"column":12},"end":{"line":29,"column":58}},"5":{"start":{"line":30,"column":12},"end":{"line":30,"column":82}},"6":{"start":{"line":34,"column":4},"end":{"line":57,"column":6}}},"fnMap":{"0":{"name":"FormTournamentSponsor","decl":{"start":{"line":20,"column":16},"end":{"line":20,"column":37}},"loc":{"start":{"line":20,"column":91},"end":{"line":58,"column":1}},"line":20},"1":{"name":"(anonymous_1)","decl":{"start":{"line":27,"column":14},"end":{"line":27,"column":15}},"loc":{"start":{"line":27,"column":20},"end":{"line":32,"column":5}},"line":27}},"branchMap":{"0":{"loc":{"start":{"line":28,"column":8},"end":{"line":31,"column":9}},"type":"if","locations":[{"start":{"line":28,"column":8},"end":{"line":31,"column":9}},{"start":{"line":28,"column":8},"end":{"line":31,"column":9}}],"line":28}},"s":{"0":0,"1":0,"2":0,"3":0,"4":0,"5":0,"6":0},"f":{"0":0,"1":0},"b":{"0":[0,0]},"_coverageSchema":"1a1c01bbd47fc00a2c39e90264f33305004495a9","hash":"6abfad0fa772b99627ce1d518fd9c2376dbc56a9"}
,"/workspaces/app-beachTenis/src/components/PostLogged/Input/Input.tsx": {"path":"/workspaces/app-beachTenis/src/components/PostLogged/Input/Input.tsx","statementMap":{"0":{"start":{"line":10,"column":21},"end":{"line":24,"column":2}},"1":{"start":{"line":11,"column":4},"end":{"line":23,"column":10}}},"fnMap":{"0":{"name":"(anonymous_0)","decl":{"start":{"line":10,"column":68},"end":{"line":10,"column":69}},"loc":{"start":{"line":11,"column":4},"end":{"line":23,"column":10}},"line":11}},"branchMap":{"0":{"loc":{"start":{"line":14,"column":27},"end":{"line":14,"column":97}},"type":"cond-expr","locations":[{"start":{"line":14,"column":38},"end":{"line":14,"column":79}},{"start":{"line":14,"column":82},"end":{"line":14,"column":97}}],"line":14}},"s":{"0":30,"1":3072},"f":{"0":3072},"b":{"0":[12,3060]},"_coverageSchema":"1a1c01bbd47fc00a2c39e90264f33305004495a9","hash":"bbdb745ea26c418a506faac206bd4ccb78cab0f9"}
,"/workspaces/app-beachTenis/src/components/PostLogged/ItemList/index.tsx": {"path":"/workspaces/app-beachTenis/src/components/PostLogged/ItemList/index.tsx","statementMap":{"0":{"start":{"line":8,"column":24},"end":{"line":15,"column":1}}},"fnMap":{},"branchMap":{},"s":{"0":30},"f":{},"b":{},"_coverageSchema":"1a1c01bbd47fc00a2c39e90264f33305004495a9","hash":"3a1e08ff7cac3329508e56f4b6727210f21e01d6"}
,"/workspaces/app-beachTenis/src/components/PostLogged/ItemList/ItemListButtons/ItemListButtons.tsx": {"path":"/workspaces/app-beachTenis/src/components/PostLogged/ItemList/ItemListButtons/ItemListButtons.tsx","statementMap":{"0":{"start":{"line":11,"column":4},"end":{"line":19,"column":6}}},"fnMap":{"0":{"name":"ItemListButtons","decl":{"start":{"line":9,"column":16},"end":{"line":9,"column":31}},"loc":{"start":{"line":9,"column":77},"end":{"line":21,"column":1}},"line":9}},"branchMap":{},"s":{"0":0},"f":{"0":0},"b":{},"_coverageSchema":"1a1c01bbd47fc00a2c39e90264f33305004495a9","hash":"e2d71908053d0df87016e21768c0769f2afc05a6"}
,"/workspaces/app-beachTenis/src/components/PostLogged/ItemList/ItemListPeriod/ItemListPeriod.tsx": {"path":"/workspaces/app-beachTenis/src/components/PostLogged/ItemList/ItemListPeriod/ItemListPeriod.tsx","statementMap":{"0":{"start":{"line":11,"column":4},"end":{"line":15,"column":6}}},"fnMap":{"0":{"name":"ItemListPeriod","decl":{"start":{"line":9,"column":16},"end":{"line":9,"column":30}},"loc":{"start":{"line":9,"column":70},"end":{"line":16,"column":1}},"line":9}},"branchMap":{},"s":{"0":0},"f":{"0":0},"b":{},"_coverageSchema":"1a1c01bbd47fc00a2c39e90264f33305004495a9","hash":"da7f0731c426a42943640d3a903fe2e26bcb0c62"}
,"/workspaces/app-beachTenis/src/components/PostLogged/ItemList/ItemListPhoto/ItemListPhoto.tsx": {"path":"/workspaces/app-beachTenis/src/components/PostLogged/ItemList/ItemListPhoto/ItemListPhoto.tsx","statementMap":{"0":{"start":{"line":13,"column":4},"end":{"line":17,"column":6}}},"fnMap":{"0":{"name":"ItemListPhoto","decl":{"start":{"line":11,"column":16},"end":{"line":11,"column":29}},"loc":{"start":{"line":11,"column":32},"end":{"line":18,"column":1}},"line":11}},"branchMap":{},"s":{"0":0},"f":{"0":0},"b":{},"_coverageSchema":"1a1c01bbd47fc00a2c39e90264f33305004495a9","hash":"95ef7c3afc146e494e57a3ced0fda5c8136a8b87"}
,"/workspaces/app-beachTenis/src/components/PostLogged/ItemList/ItemListPhotos/ItemListPhotos.tsx": {"path":"/workspaces/app-beachTenis/src/components/PostLogged/ItemList/ItemListPhotos/ItemListPhotos.tsx","statementMap":{"0":{"start":{"line":13,"column":4},"end":{"line":19,"column":6}}},"fnMap":{"0":{"name":"ItemListPhotos","decl":{"start":{"line":11,"column":16},"end":{"line":11,"column":30}},"loc":{"start":{"line":11,"column":33},"end":{"line":20,"column":1}},"line":11}},"branchMap":{},"s":{"0":0},"f":{"0":0},"b":{},"_coverageSchema":"1a1c01bbd47fc00a2c39e90264f33305004495a9","hash":"c47ea0f63731e030cbe6b98c751ad2bd1ca7bbe3"}
,"/workspaces/app-beachTenis/src/components/PostLogged/ItemList/ItemListText/ItemListText.tsx": {"path":"/workspaces/app-beachTenis/src/components/PostLogged/ItemList/ItemListText/ItemListText.tsx","statementMap":{"0":{"start":{"line":11,"column":22},"end":{"line":11,"column":58}},"1":{"start":{"line":13,"column":4},"end":{"line":17,"column":6}}},"fnMap":{"0":{"name":"ItemListText","decl":{"start":{"line":9,"column":16},"end":{"line":9,"column":28}},"loc":{"start":{"line":9,"column":62},"end":{"line":18,"column":1}},"line":9}},"branchMap":{"0":{"loc":{"start":{"line":11,"column":22},"end":{"line":11,"column":58}},"type":"cond-expr","locations":[{"start":{"line":11,"column":30},"end":{"line":11,"column":42}},{"start":{"line":11,"column":45},"end":{"line":11,"column":58}}],"line":11}},"s":{"0":0,"1":0},"f":{"0":0},"b":{"0":[0,0]},"_coverageSchema":"1a1c01bbd47fc00a2c39e90264f33305004495a9","hash":"2393b78c5ca8e6742c91e40c708134975032a6ee"}
,"/workspaces/app-beachTenis/src/components/PostLogged/ItemList/ItemListWrapper/ItemListWrapper.tsx": {"path":"/workspaces/app-beachTenis/src/components/PostLogged/ItemList/ItemListWrapper/ItemListWrapper.tsx","statementMap":{"0":{"start":{"line":11,"column":4},"end":{"line":17,"column":6}}},"fnMap":{"0":{"name":"ItemListWrapper","decl":{"start":{"line":9,"column":16},"end":{"line":9,"column":31}},"loc":{"start":{"line":9,"column":53},"end":{"line":18,"column":1}},"line":9}},"branchMap":{},"s":{"0":0},"f":{"0":0},"b":{},"_coverageSchema":"1a1c01bbd47fc00a2c39e90264f33305004495a9","hash":"359e5c9ed23abc3b2c0871c0c51738233f73ed74"}
,"/workspaces/app-beachTenis/src/components/PostLogged/LayoutPage/index.tsx": {"path":"/workspaces/app-beachTenis/src/components/PostLogged/LayoutPage/index.tsx","statementMap":{"0":{"start":{"line":5,"column":26},"end":{"line":9,"column":1}}},"fnMap":{},"branchMap":{},"s":{"0":30},"f":{},"b":{},"_coverageSchema":"1a1c01bbd47fc00a2c39e90264f33305004495a9","hash":"89c191deb3b285d45cab1cd428988c7f2673cc28"}
,"/workspaces/app-beachTenis/src/components/PostLogged/LayoutPage/Footer/Footer.tsx": {"path":"/workspaces/app-beachTenis/src/components/PostLogged/LayoutPage/Footer/Footer.tsx","statementMap":{"0":{"start":{"line":13,"column":21},"end":{"line":13,"column":34}},"1":{"start":{"line":15,"column":4},"end":{"line":37,"column":6}},"2":{"start":{"line":18,"column":62},"end":{"line":18,"column":83}},"3":{"start":{"line":30,"column":62},"end":{"line":30,"column":90}}},"fnMap":{"0":{"name":"Footer","decl":{"start":{"line":11,"column":16},"end":{"line":11,"column":22}},"loc":{"start":{"line":11,"column":25},"end":{"line":38,"column":1}},"line":11},"1":{"name":"(anonymous_1)","decl":{"start":{"line":18,"column":56},"end":{"line":18,"column":57}},"loc":{"start":{"line":18,"column":62},"end":{"line":18,"column":83}},"line":18},"2":{"name":"(anonymous_2)","decl":{"start":{"line":30,"column":56},"end":{"line":30,"column":57}},"loc":{"start":{"line":30,"column":62},"end":{"line":30,"column":90}},"line":30}},"branchMap":{},"s":{"0":0,"1":0,"2":0,"3":0},"f":{"0":0,"1":0,"2":0},"b":{},"_coverageSchema":"1a1c01bbd47fc00a2c39e90264f33305004495a9","hash":"a038d8e6116526aa0d442261a876bfba009a3bc6"}
,"/workspaces/app-beachTenis/src/components/PostLogged/LayoutPage/Header/Header.tsx": {"path":"/workspaces/app-beachTenis/src/components/PostLogged/LayoutPage/Header/Header.tsx","statementMap":{"0":{"start":{"line":11,"column":4},"end":{"line":15,"column":6}}},"fnMap":{"0":{"name":"Header","decl":{"start":{"line":10,"column":16},"end":{"line":10,"column":22}},"loc":{"start":{"line":10,"column":47},"end":{"line":16,"column":1}},"line":10}},"branchMap":{},"s":{"0":0},"f":{"0":0},"b":{},"_coverageSchema":"1a1c01bbd47fc00a2c39e90264f33305004495a9","hash":"fba09c41b08233ed1112b57869b1e876fbc06dd6"}
,"/workspaces/app-beachTenis/src/components/PostLogged/LayoutPage/Layout/Layout.tsx": {"path":"/workspaces/app-beachTenis/src/components/PostLogged/LayoutPage/Layout/Layout.tsx","statementMap":{"0":{"start":{"line":12,"column":4},"end":{"line":23,"column":6}}},"fnMap":{"0":{"name":"Layout","decl":{"start":{"line":11,"column":16},"end":{"line":11,"column":22}},"loc":{"start":{"line":11,"column":51},"end":{"line":24,"column":1}},"line":11}},"branchMap":{},"s":{"0":0},"f":{"0":0},"b":{},"_coverageSchema":"1a1c01bbd47fc00a2c39e90264f33305004495a9","hash":"a07d70d3ae290d1a3caa62ff726b93b3f85e7da7"}
,"/workspaces/app-beachTenis/src/components/PostLogged/TextArea/TextArea.tsx": {"path":"/workspaces/app-beachTenis/src/components/PostLogged/TextArea/TextArea.tsx","statementMap":{"0":{"start":{"line":10,"column":24},"end":{"line":16,"column":2}},"1":{"start":{"line":11,"column":4},"end":{"line":15,"column":16}}},"fnMap":{"0":{"name":"(anonymous_0)","decl":{"start":{"line":10,"column":77},"end":{"line":10,"column":78}},"loc":{"start":{"line":11,"column":4},"end":{"line":15,"column":16}},"line":11}},"branchMap":{},"s":{"0":30,"1":512},"f":{"0":512},"b":{},"_coverageSchema":"1a1c01bbd47fc00a2c39e90264f33305004495a9","hash":"a1a7473cc08d21873a122c2cdbe25bede1d745cf"}
,"/workspaces/app-beachTenis/src/constants/fields.ts": {"path":"/workspaces/app-beachTenis/src/constants/fields.ts","statementMap":{"0":{"start":{"line":4,"column":23},"end":{"line":41,"column":1}},"1":{"start":{"line":43,"column":21},"end":{"line":56,"column":1}},"2":{"start":{"line":58,"column":30},"end":{"line":67,"column":1}},"3":{"start":{"line":70,"column":22},"end":{"line":74,"column":1}}},"fnMap":{},"branchMap":{},"s":{"0":30,"1":30,"2":30,"3":30},"f":{},"b":{},"_coverageSchema":"1a1c01bbd47fc00a2c39e90264f33305004495a9","hash":"4ef7a084f838e5a73c2630afb9a0f7dd7ba14785"}
,"/workspaces/app-beachTenis/src/constants/wordsPhrases.ts": {"path":"/workspaces/app-beachTenis/src/constants/wordsPhrases.ts","statementMap":{"0":{"start":{"line":3,"column":42},"end":{"line":3,"column":55}},"1":{"start":{"line":4,"column":44},"end":{"line":4,"column":58}},"2":{"start":{"line":5,"column":32},"end":{"line":5,"column":40}},"3":{"start":{"line":6,"column":34},"end":{"line":6,"column":43}},"4":{"start":{"line":7,"column":58},"end":{"line":7,"column":79}},"5":{"start":{"line":8,"column":58},"end":{"line":8,"column":79}},"6":{"start":{"line":9,"column":54},"end":{"line":9,"column":73}},"7":{"start":{"line":10,"column":54},"end":{"line":10,"column":73}},"8":{"start":{"line":11,"column":53},"end":{"line":11,"column":71}},"9":{"start":{"line":12,"column":29},"end":{"line":12,"column":35}},"10":{"start":{"line":13,"column":48},"end":{"line":13,"column":64}},"11":{"start":{"line":14,"column":72},"end":{"line":14,"column":100}},"12":{"start":{"line":20,"column":25},"end":{"line":20,"column":36}},"13":{"start":{"line":21,"column":27},"end":{"line":21,"column":40}},"14":{"start":{"line":22,"column":23},"end":{"line":22,"column":32}},"15":{"start":{"line":23,"column":22},"end":{"line":23,"column":30}},"16":{"start":{"line":24,"column":27},"end":{"line":24,"column":41}},"17":{"start":{"line":25,"column":25},"end":{"line":25,"column":37}},"18":{"start":{"line":26,"column":33},"end":{"line":26,"column":53}},"19":{"start":{"line":27,"column":20},"end":{"line":27,"column":26}},"20":{"start":{"line":28,"column":25},"end":{"line":28,"column":36}},"21":{"start":{"line":29,"column":23},"end":{"line":29,"column":32}},"22":{"start":{"line":31,"column":26},"end":{"line":31,"column":38}},"23":{"start":{"line":32,"column":28},"end":{"line":32,"column":41}},"24":{"start":{"line":35,"column":38},"end":{"line":35,"column":75}},"25":{"start":{"line":36,"column":31},"end":{"line":36,"column":63}},"26":{"start":{"line":39,"column":26},"end":{"line":39,"column":43}},"27":{"start":{"line":40,"column":31},"end":{"line":40,"column":53}},"28":{"start":{"line":41,"column":35},"end":{"line":41,"column":60}},"29":{"start":{"line":42,"column":26},"end":{"line":42,"column":44}},"30":{"start":{"line":43,"column":45},"end":{"line":43,"column":88}},"31":{"start":{"line":44,"column":60},"end":{"line":44,"column":123}},"32":{"start":{"line":45,"column":52},"end":{"line":45,"column":102}},"33":{"start":{"line":46,"column":59},"end":{"line":46,"column":121}},"34":{"start":{"line":48,"column":30},"end":{"line":48,"column":52}},"35":{"start":{"line":50,"column":27},"end":{"line":50,"column":57}},"36":{"start":{"line":51,"column":33},"end":{"line":51,"column":58}},"37":{"start":{"line":53,"column":36},"end":{"line":53,"column":67}},"38":{"start":{"line":54,"column":38},"end":{"line":54,"column":68}},"39":{"start":{"line":56,"column":27},"end":{"line":56,"column":44}},"40":{"start":{"line":57,"column":36},"end":{"line":57,"column":63}},"41":{"start":{"line":58,"column":42},"end":{"line":58,"column":79}},"42":{"start":{"line":60,"column":31},"end":{"line":60,"column":54}},"43":{"start":{"line":61,"column":35},"end":{"line":61,"column":53}},"44":{"start":{"line":63,"column":37},"end":{"line":63,"column":68}}},"fnMap":{},"branchMap":{},"s":{"0":30,"1":30,"2":30,"3":30,"4":30,"5":30,"6":30,"7":30,"8":30,"9":30,"10":30,"11":30,"12":30,"13":30,"14":30,"15":30,"16":30,"17":30,"18":30,"19":30,"20":30,"21":30,"22":30,"23":30,"24":30,"25":30,"26":30,"27":30,"28":30,"29":30,"30":30,"31":30,"32":30,"33":30,"34":30,"35":30,"36":30,"37":30,"38":30,"39":30,"40":30,"41":30,"42":30,"43":30,"44":30},"f":{},"b":{},"_coverageSchema":"1a1c01bbd47fc00a2c39e90264f33305004495a9","hash":"733540cdf3d27e83f835c6e1f59a3ce8e3273c96"}
,"/workspaces/app-beachTenis/src/enums/routes.enum.ts": {"path":"/workspaces/app-beachTenis/src/enums/routes.enum.ts","statementMap":{},"fnMap":{},"branchMap":{},"s":{},"f":{},"b":{},"_coverageSchema":"1a1c01bbd47fc00a2c39e90264f33305004495a9","hash":"1d1389593ba324ee10acce49e747bfe23c65ff1e"}
,"/workspaces/app-beachTenis/src/helper/Validations.ts": {"path":"/workspaces/app-beachTenis/src/helper/Validations.ts","statementMap":{"0":{"start":{"line":8,"column":38},"end":{"line":12,"column":6}},"1":{"start":{"line":14,"column":37},"end":{"line":16,"column":6}},"2":{"start":{"line":18,"column":35},"end":{"line":26,"column":6}},"3":{"start":{"line":24,"column":16},"end":{"line":24,"column":52}},"4":{"start":{"line":28,"column":37},"end":{"line":30,"column":6}},"5":{"start":{"line":32,"column":37},"end":{"line":38,"column":6}},"6":{"start":{"line":36,"column":16},"end":{"line":36,"column":52}},"7":{"start":{"line":40,"column":30},"end":{"line":43,"column":6}},"8":{"start":{"line":46,"column":35},"end":{"line":50,"column":6}},"9":{"start":{"line":53,"column":35},"end":{"line":126,"column":5}},"10":{"start":{"line":84,"column":32},"end":{"line":84,"column":114}},"11":{"start":{"line":88,"column":12},"end":{"line":96,"column":13}},"12":{"start":{"line":94,"column":63},"end":{"line":94,"column":185}},"13":{"start":{"line":99,"column":12},"end":{"line":107,"column":13}},"14":{"start":{"line":105,"column":56},"end":{"line":105,"column":165}},"15":{"start":{"line":110,"column":12},"end":{"line":118,"column":13}},"16":{"start":{"line":116,"column":61},"end":{"line":116,"column":185}},"17":{"start":{"line":129,"column":42},"end":{"line":132,"column":6}},"18":{"start":{"line":135,"column":36},"end":{"line":141,"column":6}},"19":{"start":{"line":143,"column":41},"end":{"line":145,"column":6}}},"fnMap":{"0":{"name":"(anonymous_0)","decl":{"start":{"line":23,"column":79},"end":{"line":23,"column":80}},"loc":{"start":{"line":23,"column":96},"end":{"line":25,"column":13}},"line":23},"1":{"name":"(anonymous_1)","decl":{"start":{"line":35,"column":79},"end":{"line":35,"column":80}},"loc":{"start":{"line":35,"column":96},"end":{"line":37,"column":13}},"line":35},"2":{"name":"(anonymous_2)","decl":{"start":{"line":84,"column":25},"end":{"line":84,"column":26}},"loc":{"start":{"line":84,"column":32},"end":{"line":84,"column":114}},"line":84},"3":{"name":"(anonymous_3)","decl":{"start":{"line":87,"column":29},"end":{"line":87,"column":30}},"loc":{"start":{"line":87,"column":62},"end":{"line":97,"column":9}},"line":87},"4":{"name":"(anonymous_4)","decl":{"start":{"line":94,"column":48},"end":{"line":94,"column":49}},"loc":{"start":{"line":94,"column":63},"end":{"line":94,"column":185}},"line":94},"5":{"name":"(anonymous_5)","decl":{"start":{"line":98,"column":27},"end":{"line":98,"column":28}},"loc":{"start":{"line":98,"column":60},"end":{"line":108,"column":9}},"line":98},"6":{"name":"(anonymous_6)","decl":{"start":{"line":105,"column":41},"end":{"line":105,"column":42}},"loc":{"start":{"line":105,"column":56},"end":{"line":105,"column":165}},"line":105},"7":{"name":"(anonymous_7)","decl":{"start":{"line":109,"column":27},"end":{"line":109,"column":28}},"loc":{"start":{"line":109,"column":58},"end":{"line":119,"column":9}},"line":109},"8":{"name":"(anonymous_8)","decl":{"start":{"line":116,"column":46},"end":{"line":116,"column":47}},"loc":{"start":{"line":116,"column":61},"end":{"line":116,"column":185}},"line":116}},"branchMap":{"0":{"loc":{"start":{"line":84,"column":32},"end":{"line":84,"column":114}},"type":"binary-expr","locations":[{"start":{"line":84,"column":32},"end":{"line":84,"column":68}},{"start":{"line":84,"column":72},"end":{"line":84,"column":114}}],"line":84},"1":{"loc":{"start":{"line":94,"column":63},"end":{"line":94,"column":185}},"type":"binary-expr","locations":[{"start":{"line":94,"column":63},"end":{"line":94,"column":119}},{"start":{"line":94,"column":123},"end":{"line":94,"column":185}}],"line":94},"2":{"loc":{"start":{"line":105,"column":56},"end":{"line":105,"column":165}},"type":"binary-expr","locations":[{"start":{"line":105,"column":56},"end":{"line":105,"column":111}},{"start":{"line":105,"column":115},"end":{"line":105,"column":165}}],"line":105},"3":{"loc":{"start":{"line":116,"column":61},"end":{"line":116,"column":185}},"type":"binary-expr","locations":[{"start":{"line":116,"column":61},"end":{"line":116,"column":115}},{"start":{"line":116,"column":119},"end":{"line":116,"column":185}}],"line":116}},"s":{"0":30,"1":30,"2":30,"3":0,"4":30,"5":30,"6":0,"7":30,"8":30,"9":30,"10":0,"11":512,"12":0,"13":512,"14":0,"15":512,"16":0,"17":30,"18":30,"19":30},"f":{"0":0,"1":0,"2":0,"3":512,"4":0,"5":512,"6":0,"7":512,"8":0},"b":{"0":[0,0],"1":[0,0],"2":[0,0],"3":[0,0]},"_coverageSchema":"1a1c01bbd47fc00a2c39e90264f33305004495a9","hash":"2b0edec9b87d1a6e6674f46e74af3aa40db064ad"}
,"/workspaces/app-beachTenis/src/helper/convertData.ts": {"path":"/workspaces/app-beachTenis/src/helper/convertData.ts","statementMap":{"0":{"start":{"line":4,"column":4},"end":{"line":4,"column":74}},"1":{"start":{"line":9,"column":23},"end":{"line":11,"column":56}},"2":{"start":{"line":12,"column":4},"end":{"line":12,"column":22}},"3":{"start":{"line":17,"column":15},"end":{"line":17,"column":79}},"4":{"start":{"line":18,"column":4},"end":{"line":20,"column":5}},"5":{"start":{"line":19,"column":8},"end":{"line":19,"column":20}},"6":{"start":{"line":24,"column":15},"end":{"line":24,"column":48}},"7":{"start":{"line":25,"column":4},"end":{"line":27,"column":5}},"8":{"start":{"line":26,"column":8},"end":{"line":26,"column":20}},"9":{"start":{"line":31,"column":12},"end":{"line":31,"column":22}},"10":{"start":{"line":32,"column":4},"end":{"line":32,"column":24}},"11":{"start":{"line":33,"column":4},"end":{"line":33,"column":27}},"12":{"start":{"line":34,"column":4},"end":{"line":34,"column":13}},"13":{"start":{"line":38,"column":4},"end":{"line":38,"column":47}},"14":{"start":{"line":42,"column":4},"end":{"line":42,"column":47}}},"fnMap":{"0":{"name":"convertData","decl":{"start":{"line":3,"column":16},"end":{"line":3,"column":27}},"loc":{"start":{"line":3,"column":47},"end":{"line":5,"column":1}},"line":3},"1":{"name":"parseDateString","decl":{"start":{"line":8,"column":16},"end":{"line":8,"column":31}},"loc":{"start":{"line":8,"column":63},"end":{"line":13,"column":1}},"line":8},"2":{"name":"stringToDate","decl":{"start":{"line":16,"column":16},"end":{"line":16,"column":28}},"loc":{"start":{"line":16,"column":41},"end":{"line":21,"column":1}},"line":16},"3":{"name":"stringToDate2","decl":{"start":{"line":23,"column":16},"end":{"line":23,"column":29}},"loc":{"start":{"line":23,"column":42},"end":{"line":28,"column":1}},"line":23},"4":{"name":"dateDayActual","decl":{"start":{"line":30,"column":16},"end":{"line":30,"column":29}},"loc":{"start":{"line":30,"column":37},"end":{"line":35,"column":1}},"line":30},"5":{"name":"americanDateString","decl":{"start":{"line":37,"column":16},"end":{"line":37,"column":34}},"loc":{"start":{"line":37,"column":48},"end":{"line":39,"column":1}},"line":37},"6":{"name":"brazilDateString","decl":{"start":{"line":41,"column":16},"end":{"line":41,"column":32}},"loc":{"start":{"line":41,"column":46},"end":{"line":43,"column":1}},"line":41}},"branchMap":{"0":{"loc":{"start":{"line":9,"column":23},"end":{"line":11,"column":56}},"type":"cond-expr","locations":[{"start":{"line":10,"column":10},"end":{"line":10,"column":23}},{"start":{"line":11,"column":10},"end":{"line":11,"column":56}}],"line":9},"1":{"loc":{"start":{"line":18,"column":4},"end":{"line":20,"column":5}},"type":"if","locations":[{"start":{"line":18,"column":4},"end":{"line":20,"column":5}},{"start":{"line":18,"column":4},"end":{"line":20,"column":5}}],"line":18},"2":{"loc":{"start":{"line":25,"column":4},"end":{"line":27,"column":5}},"type":"if","locations":[{"start":{"line":25,"column":4},"end":{"line":27,"column":5}},{"start":{"line":25,"column":4},"end":{"line":27,"column":5}}],"line":25}},"s":{"0":0,"1":60,"2":60,"3":0,"4":0,"5":0,"6":0,"7":0,"8":0,"9":0,"10":0,"11":0,"12":0,"13":0,"14":0},"f":{"0":0,"1":60,"2":0,"3":0,"4":0,"5":0,"6":0},"b":{"0":[60,0],"1":[0,0],"2":[0,0]},"_coverageSchema":"1a1c01bbd47fc00a2c39e90264f33305004495a9","hash":"d3655764c0f03ba64d7990f71204098b02291ac1"}
}
