{"/workspaces/app-beachTenis/src/components/Button/Button.tsx": {"path":"/workspaces/app-beachTenis/src/components/Button/Button.tsx","statementMap":{"0":{"start":{"line":10,"column":4},"end":{"line":15,"column":6}}},"fnMap":{"0":{"name":"Button","decl":{"start":{"line":9,"column":16},"end":{"line":9,"column":22}},"loc":{"start":{"line":9,"column":63},"end":{"line":16,"column":1}},"line":9}},"branchMap":{"0":{"loc":{"start":{"line":9,"column":25},"end":{"line":9,"column":38}},"type":"default-arg","locations":[{"start":{"line":9,"column":33},"end":{"line":9,"column":38}}],"line":9},"1":{"loc":{"start":{"line":13,"column":43},"end":{"line":13,"column":78}},"type":"cond-expr","locations":[{"start":{"line":13,"column":51},"end":{"line":13,"column":63}},{"start":{"line":13,"column":66},"end":{"line":13,"column":78}}],"line":13}},"s":{"0":2},"f":{"0":2},"b":{"0":[2],"1":[0,2]},"_coverageSchema":"1a1c01bbd47fc00a2c39e90264f33305004495a9","hash":"fdea9e853f46ae7e465fe48d1a74ae1d05d39605"}
,"/workspaces/app-beachTenis/src/components/PostLogged/index.tsx": {"path":"/workspaces/app-beachTenis/src/components/PostLogged/index.tsx","statementMap":{"0":{"start":{"line":15,"column":26},"end":{"line":28,"column":1}}},"fnMap":{},"branchMap":{},"s":{"0":2},"f":{},"b":{},"_coverageSchema":"1a1c01bbd47fc00a2c39e90264f33305004495a9","hash":"8488b797692067886d35236a8d2861c441abbd7e"}
,"/workspaces/app-beachTenis/src/components/PostLogged/AddBanner/AddBanner.tsx": {"path":"/workspaces/app-beachTenis/src/components/PostLogged/AddBanner/AddBanner.tsx","statementMap":{"0":{"start":{"line":8,"column":4},"end":{"line":16,"column":6}}},"fnMap":{"0":{"name":"AddBanner","decl":{"start":{"line":6,"column":16},"end":{"line":6,"column":25}},"loc":{"start":{"line":6,"column":28},"end":{"line":17,"column":1}},"line":6}},"branchMap":{},"s":{"0":0},"f":{"0":0},"b":{},"_coverageSchema":"1a1c01bbd47fc00a2c39e90264f33305004495a9","hash":"d7b880541bced2a6ca50b47ba67a921c38407103"}
,"/workspaces/app-beachTenis/src/components/PostLogged/ButtonBack/ButtonBack.tsx": {"path":"/workspaces/app-beachTenis/src/components/PostLogged/ButtonBack/ButtonBack.tsx","statementMap":{"0":{"start":{"line":13,"column":4},"end":{"line":20,"column":6}}},"fnMap":{"0":{"name":"ButtonBack","decl":{"start":{"line":11,"column":16},"end":{"line":11,"column":26}},"loc":{"start":{"line":11,"column":50},"end":{"line":21,"column":1}},"line":11}},"branchMap":{},"s":{"0":0},"f":{"0":0},"b":{},"_coverageSchema":"1a1c01bbd47fc00a2c39e90264f33305004495a9","hash":"251eb22a999b245fbff7183b9d6152dc19ea8763"}
,"/workspaces/app-beachTenis/src/components/PostLogged/ButtonPlus/ButtonPlus.tsx": {"path":"/workspaces/app-beachTenis/src/components/PostLogged/ButtonPlus/ButtonPlus.tsx","statementMap":{"0":{"start":{"line":12,"column":4},"end":{"line":19,"column":6}}},"fnMap":{"0":{"name":"ButtonPlus","decl":{"start":{"line":10,"column":16},"end":{"line":10,"column":26}},"loc":{"start":{"line":10,"column":50},"end":{"line":20,"column":1}},"line":10}},"branchMap":{},"s":{"0":0},"f":{"0":0},"b":{},"_coverageSchema":"1a1c01bbd47fc00a2c39e90264f33305004495a9","hash":"afb6739c931eadf547313f10372d3c5f379c7faf"}
,"/workspaces/app-beachTenis/src/components/PostLogged/Combobox/Combobox.tsx": {"path":"/workspaces/app-beachTenis/src/components/PostLogged/Combobox/Combobox.tsx","statementMap":{"0":{"start":{"line":13,"column":24},"end":{"line":35,"column":2}},"1":{"start":{"line":16,"column":4},"end":{"line":34,"column":10}},"2":{"start":{"line":25,"column":20},"end":{"line":25,"column":93}}},"fnMap":{"0":{"name":"(anonymous_0)","decl":{"start":{"line":13,"column":75},"end":{"line":13,"column":76}},"loc":{"start":{"line":16,"column":4},"end":{"line":34,"column":10}},"line":16},"1":{"name":"(anonymous_1)","decl":{"start":{"line":24,"column":30},"end":{"line":24,"column":31}},"loc":{"start":{"line":25,"column":20},"end":{"line":25,"column":93}},"line":25}},"branchMap":{"0":{"loc":{"start":{"line":19,"column":27},"end":{"line":19,"column":60}},"type":"cond-expr","locations":[{"start":{"line":19,"column":38},"end":{"line":19,"column":55}},{"start":{"line":19,"column":58},"end":{"line":19,"column":60}}],"line":19},"1":{"loc":{"start":{"line":25,"column":45},"end":{"line":25,"column":77}},"type":"cond-expr","locations":[{"start":{"line":25,"column":57},"end":{"line":25,"column":71}},{"start":{"line":25,"column":74},"end":{"line":25,"column":77}}],"line":25},"2":{"loc":{"start":{"line":30,"column":33},"end":{"line":30,"column":98}},"type":"cond-expr","locations":[{"start":{"line":30,"column":43},"end":{"line":30,"column":68}},{"start":{"line":30,"column":71},"end":{"line":30,"column":98}}],"line":30}},"s":{"0":2,"1":2,"2":0},"f":{"0":2,"1":0},"b":{"0":[0,2],"1":[0,0],"2":[2,0]},"_coverageSchema":"1a1c01bbd47fc00a2c39e90264f33305004495a9","hash":"f9ff3c00ee08e34d5e855174d51494bbe8252421"}
,"/workspaces/app-beachTenis/src/components/PostLogged/FormCategory/FormCategory.tsx": {"path":"/workspaces/app-beachTenis/src/components/PostLogged/FormCategory/FormCategory.tsx","statementMap":{"0":{"start":{"line":22,"column":86},"end":{"line":24,"column":6}},"1":{"start":{"line":27,"column":4},"end":{"line":33,"column":24}},"2":{"start":{"line":28,"column":8},"end":{"line":32,"column":9}},"3":{"start":{"line":29,"column":12},"end":{"line":29,"column":62}},"4":{"start":{"line":30,"column":12},"end":{"line":30,"column":90}},"5":{"start":{"line":31,"column":12},"end":{"line":31,"column":98}},"6":{"start":{"line":37,"column":8},"end":{"line":37,"column":16}},"7":{"start":{"line":38,"column":8},"end":{"line":38,"column":21}},"8":{"start":{"line":41,"column":4},"end":{"line":68,"column":6}}},"fnMap":{"0":{"name":"FormCategory","decl":{"start":{"line":20,"column":16},"end":{"line":20,"column":28}},"loc":{"start":{"line":20,"column":73},"end":{"line":69,"column":1}},"line":20},"1":{"name":"(anonymous_1)","decl":{"start":{"line":27,"column":14},"end":{"line":27,"column":15}},"loc":{"start":{"line":27,"column":19},"end":{"line":33,"column":5}},"line":27},"2":{"name":"submitForm","decl":{"start":{"line":36,"column":13},"end":{"line":36,"column":23}},"loc":{"start":{"line":36,"column":34},"end":{"line":39,"column":5}},"line":36}},"branchMap":{"0":{"loc":{"start":{"line":28,"column":8},"end":{"line":32,"column":9}},"type":"if","locations":[{"start":{"line":28,"column":8},"end":{"line":32,"column":9}},{"start":{"line":28,"column":8},"end":{"line":32,"column":9}}],"line":28},"1":{"loc":{"start":{"line":54,"column":25},"end":{"line":54,"column":76}},"type":"cond-expr","locations":[{"start":{"line":54,"column":64},"end":{"line":54,"column":69}},{"start":{"line":54,"column":72},"end":{"line":54,"column":76}}],"line":54},"2":{"loc":{"start":{"line":65,"column":25},"end":{"line":65,"column":60}},"type":"cond-expr","locations":[{"start":{"line":65,"column":41},"end":{"line":65,"column":48}},{"start":{"line":65,"column":51},"end":{"line":65,"column":60}}],"line":65}},"s":{"0":0,"1":0,"2":0,"3":0,"4":0,"5":0,"6":0,"7":0,"8":0},"f":{"0":0,"1":0,"2":0},"b":{"0":[0,0],"1":[0,0],"2":[0,0]},"_coverageSchema":"1a1c01bbd47fc00a2c39e90264f33305004495a9","hash":"3b6bedd23d554c2f92ee5441c32a702d0b343437"}
,"/workspaces/app-beachTenis/src/components/PostLogged/FormTournament/FormTournament.tsx": {"path":"/workspaces/app-beachTenis/src/components/PostLogged/FormTournament/FormTournament.tsx","statementMap":{"0":{"start":{"line":27,"column":79},"end":{"line":27,"column":88}},"1":{"start":{"line":29,"column":24},"end":{"line":29,"column":50}},"2":{"start":{"line":31,"column":4},"end":{"line":43,"column":24}},"3":{"start":{"line":32,"column":8},"end":{"line":42,"column":9}},"4":{"start":{"line":33,"column":12},"end":{"line":33,"column":64}},"5":{"start":{"line":34,"column":12},"end":{"line":34,"column":66}},"6":{"start":{"line":35,"column":12},"end":{"line":35,"column":52}},"7":{"start":{"line":36,"column":12},"end":{"line":36,"column":50}},"8":{"start":{"line":37,"column":12},"end":{"line":37,"column":104}},"9":{"start":{"line":38,"column":12},"end":{"line":38,"column":104}},"10":{"start":{"line":39,"column":12},"end":{"line":39,"column":100}},"11":{"start":{"line":40,"column":12},"end":{"line":40,"column":100}},"12":{"start":{"line":41,"column":12},"end":{"line":41,"column":74}},"13":{"start":{"line":46,"column":8},"end":{"line":46,"column":85}},"14":{"start":{"line":47,"column":8},"end":{"line":47,"column":85}},"15":{"start":{"line":48,"column":8},"end":{"line":48,"column":81}},"16":{"start":{"line":49,"column":8},"end":{"line":49,"column":81}},"17":{"start":{"line":50,"column":8},"end":{"line":50,"column":21}},"18":{"start":{"line":54,"column":4},"end":{"line":142,"column":6}},"19":{"start":{"line":75,"column":46},"end":{"line":75,"column":59}},"20":{"start":{"line":76,"column":48},"end":{"line":76,"column":52}},"21":{"start":{"line":84,"column":46},"end":{"line":84,"column":52}},"22":{"start":{"line":85,"column":48},"end":{"line":85,"column":52}}},"fnMap":{"0":{"name":"FormTournament","decl":{"start":{"line":25,"column":16},"end":{"line":25,"column":30}},"loc":{"start":{"line":25,"column":112},"end":{"line":143,"column":1}},"line":25},"1":{"name":"(anonymous_1)","decl":{"start":{"line":31,"column":14},"end":{"line":31,"column":15}},"loc":{"start":{"line":31,"column":20},"end":{"line":43,"column":5}},"line":31},"2":{"name":"submitForm","decl":{"start":{"line":45,"column":13},"end":{"line":45,"column":23}},"loc":{"start":{"line":45,"column":35},"end":{"line":51,"column":5}},"line":45},"3":{"name":"(anonymous_3)","decl":{"start":{"line":75,"column":41},"end":{"line":75,"column":42}},"loc":{"start":{"line":75,"column":46},"end":{"line":75,"column":59}},"line":75},"4":{"name":"(anonymous_4)","decl":{"start":{"line":76,"column":43},"end":{"line":76,"column":44}},"loc":{"start":{"line":76,"column":48},"end":{"line":76,"column":52}},"line":76},"5":{"name":"(anonymous_5)","decl":{"start":{"line":84,"column":41},"end":{"line":84,"column":42}},"loc":{"start":{"line":84,"column":46},"end":{"line":84,"column":52}},"line":84},"6":{"name":"(anonymous_6)","decl":{"start":{"line":85,"column":43},"end":{"line":85,"column":44}},"loc":{"start":{"line":85,"column":48},"end":{"line":85,"column":52}},"line":85}},"branchMap":{"0":{"loc":{"start":{"line":32,"column":8},"end":{"line":42,"column":9}},"type":"if","locations":[{"start":{"line":32,"column":8},"end":{"line":42,"column":9}},{"start":{"line":32,"column":8},"end":{"line":42,"column":9}}],"line":32},"1":{"loc":{"start":{"line":77,"column":29},"end":{"line":77,"column":56}},"type":"cond-expr","locations":[{"start":{"line":77,"column":44},"end":{"line":77,"column":49}},{"start":{"line":77,"column":52},"end":{"line":77,"column":56}}],"line":77},"2":{"loc":{"start":{"line":86,"column":29},"end":{"line":86,"column":55}},"type":"cond-expr","locations":[{"start":{"line":86,"column":43},"end":{"line":86,"column":48}},{"start":{"line":86,"column":51},"end":{"line":86,"column":55}}],"line":86},"3":{"loc":{"start":{"line":139,"column":25},"end":{"line":139,"column":60}},"type":"cond-expr","locations":[{"start":{"line":139,"column":41},"end":{"line":139,"column":48}},{"start":{"line":139,"column":51},"end":{"line":139,"column":60}}],"line":139}},"s":{"0":0,"1":0,"2":0,"3":0,"4":0,"5":0,"6":0,"7":0,"8":0,"9":0,"10":0,"11":0,"12":0,"13":0,"14":0,"15":0,"16":0,"17":0,"18":0,"19":0,"20":0,"21":0,"22":0},"f":{"0":0,"1":0,"2":0,"3":0,"4":0,"5":0,"6":0},"b":{"0":[0,0],"1":[0,0],"2":[0,0],"3":[0,0]},"_coverageSchema":"1a1c01bbd47fc00a2c39e90264f33305004495a9","hash":"72133c4b021af8cc5badf2d97122d3b56f20a1c7"}
,"/workspaces/app-beachTenis/src/components/PostLogged/FormTournamentSponsor/FormTournamentSponsor.tsx": {"path":"/workspaces/app-beachTenis/src/components/PostLogged/FormTournamentSponsor/FormTournamentSponsor.tsx","statementMap":{"0":{"start":{"line":22,"column":72},"end":{"line":24,"column":6}},"1":{"start":{"line":27,"column":4},"end":{"line":32,"column":24}},"2":{"start":{"line":28,"column":8},"end":{"line":31,"column":9}},"3":{"start":{"line":29,"column":12},"end":{"line":29,"column":56}},"4":{"start":{"line":30,"column":12},"end":{"line":30,"column":72}},"5":{"start":{"line":34,"column":4},"end":{"line":58,"column":6}}},"fnMap":{"0":{"name":"FormTournamentSponsor","decl":{"start":{"line":20,"column":16},"end":{"line":20,"column":37}},"loc":{"start":{"line":20,"column":91},"end":{"line":59,"column":1}},"line":20},"1":{"name":"(anonymous_1)","decl":{"start":{"line":27,"column":14},"end":{"line":27,"column":15}},"loc":{"start":{"line":27,"column":20},"end":{"line":32,"column":5}},"line":27}},"branchMap":{"0":{"loc":{"start":{"line":28,"column":8},"end":{"line":31,"column":9}},"type":"if","locations":[{"start":{"line":28,"column":8},"end":{"line":31,"column":9}},{"start":{"line":28,"column":8},"end":{"line":31,"column":9}}],"line":28},"1":{"loc":{"start":{"line":52,"column":29},"end":{"line":52,"column":61}},"type":"cond-expr","locations":[{"start":{"line":52,"column":45},"end":{"line":52,"column":52}},{"start":{"line":52,"column":55},"end":{"line":52,"column":61}}],"line":52}},"s":{"0":0,"1":0,"2":0,"3":0,"4":0,"5":0},"f":{"0":0,"1":0},"b":{"0":[0,0],"1":[0,0]},"_coverageSchema":"1a1c01bbd47fc00a2c39e90264f33305004495a9","hash":"0e09d7dbe7a34c649c7d0239e3ad9323008e2504"}
,"/workspaces/app-beachTenis/src/components/PostLogged/Input/Input.tsx": {"path":"/workspaces/app-beachTenis/src/components/PostLogged/Input/Input.tsx","statementMap":{"0":{"start":{"line":10,"column":21},"end":{"line":26,"column":2}},"1":{"start":{"line":11,"column":4},"end":{"line":25,"column":10}}},"fnMap":{"0":{"name":"(anonymous_0)","decl":{"start":{"line":10,"column":68},"end":{"line":10,"column":69}},"loc":{"start":{"line":11,"column":4},"end":{"line":25,"column":10}},"line":11}},"branchMap":{"0":{"loc":{"start":{"line":15,"column":31},"end":{"line":15,"column":101}},"type":"cond-expr","locations":[{"start":{"line":15,"column":42},"end":{"line":15,"column":83}},{"start":{"line":15,"column":86},"end":{"line":15,"column":101}}],"line":15}},"s":{"0":2,"1":8},"f":{"0":8},"b":{"0":[0,8]},"_coverageSchema":"1a1c01bbd47fc00a2c39e90264f33305004495a9","hash":"30e2036061c9ae882648705f03efe269a4b46a46"}
,"/workspaces/app-beachTenis/src/components/PostLogged/ItemList/index.tsx": {"path":"/workspaces/app-beachTenis/src/components/PostLogged/ItemList/index.tsx","statementMap":{"0":{"start":{"line":8,"column":24},"end":{"line":15,"column":1}}},"fnMap":{},"branchMap":{},"s":{"0":2},"f":{},"b":{},"_coverageSchema":"1a1c01bbd47fc00a2c39e90264f33305004495a9","hash":"3a1e08ff7cac3329508e56f4b6727210f21e01d6"}
,"/workspaces/app-beachTenis/src/components/PostLogged/ItemList/ItemListButtons/ItemListButtons.tsx": {"path":"/workspaces/app-beachTenis/src/components/PostLogged/ItemList/ItemListButtons/ItemListButtons.tsx","statementMap":{"0":{"start":{"line":11,"column":4},"end":{"line":19,"column":6}}},"fnMap":{"0":{"name":"ItemListButtons","decl":{"start":{"line":9,"column":16},"end":{"line":9,"column":31}},"loc":{"start":{"line":9,"column":77},"end":{"line":21,"column":1}},"line":9}},"branchMap":{},"s":{"0":0},"f":{"0":0},"b":{},"_coverageSchema":"1a1c01bbd47fc00a2c39e90264f33305004495a9","hash":"e2d71908053d0df87016e21768c0769f2afc05a6"}
,"/workspaces/app-beachTenis/src/components/PostLogged/ItemList/ItemListPeriod/ItemListPeriod.tsx": {"path":"/workspaces/app-beachTenis/src/components/PostLogged/ItemList/ItemListPeriod/ItemListPeriod.tsx","statementMap":{"0":{"start":{"line":11,"column":4},"end":{"line":15,"column":6}}},"fnMap":{"0":{"name":"ItemListPeriod","decl":{"start":{"line":9,"column":16},"end":{"line":9,"column":30}},"loc":{"start":{"line":9,"column":70},"end":{"line":16,"column":1}},"line":9}},"branchMap":{},"s":{"0":0},"f":{"0":0},"b":{},"_coverageSchema":"1a1c01bbd47fc00a2c39e90264f33305004495a9","hash":"da7f0731c426a42943640d3a903fe2e26bcb0c62"}
,"/workspaces/app-beachTenis/src/components/PostLogged/ItemList/ItemListPhoto/ItemListPhoto.tsx": {"path":"/workspaces/app-beachTenis/src/components/PostLogged/ItemList/ItemListPhoto/ItemListPhoto.tsx","statementMap":{"0":{"start":{"line":13,"column":4},"end":{"line":17,"column":6}}},"fnMap":{"0":{"name":"ItemListPhoto","decl":{"start":{"line":11,"column":16},"end":{"line":11,"column":29}},"loc":{"start":{"line":11,"column":32},"end":{"line":18,"column":1}},"line":11}},"branchMap":{},"s":{"0":0},"f":{"0":0},"b":{},"_coverageSchema":"1a1c01bbd47fc00a2c39e90264f33305004495a9","hash":"95ef7c3afc146e494e57a3ced0fda5c8136a8b87"}
,"/workspaces/app-beachTenis/src/components/PostLogged/ItemList/ItemListPhotos/ItemListPhotos.tsx": {"path":"/workspaces/app-beachTenis/src/components/PostLogged/ItemList/ItemListPhotos/ItemListPhotos.tsx","statementMap":{"0":{"start":{"line":13,"column":4},"end":{"line":19,"column":6}}},"fnMap":{"0":{"name":"ItemListPhotos","decl":{"start":{"line":11,"column":16},"end":{"line":11,"column":30}},"loc":{"start":{"line":11,"column":33},"end":{"line":20,"column":1}},"line":11}},"branchMap":{},"s":{"0":0},"f":{"0":0},"b":{},"_coverageSchema":"1a1c01bbd47fc00a2c39e90264f33305004495a9","hash":"c47ea0f63731e030cbe6b98c751ad2bd1ca7bbe3"}
,"/workspaces/app-beachTenis/src/components/PostLogged/ItemList/ItemListText/ItemListText.tsx": {"path":"/workspaces/app-beachTenis/src/components/PostLogged/ItemList/ItemListText/ItemListText.tsx","statementMap":{"0":{"start":{"line":11,"column":22},"end":{"line":11,"column":58}},"1":{"start":{"line":13,"column":4},"end":{"line":17,"column":6}}},"fnMap":{"0":{"name":"ItemListText","decl":{"start":{"line":9,"column":16},"end":{"line":9,"column":28}},"loc":{"start":{"line":9,"column":62},"end":{"line":18,"column":1}},"line":9}},"branchMap":{"0":{"loc":{"start":{"line":11,"column":22},"end":{"line":11,"column":58}},"type":"cond-expr","locations":[{"start":{"line":11,"column":30},"end":{"line":11,"column":42}},{"start":{"line":11,"column":45},"end":{"line":11,"column":58}}],"line":11}},"s":{"0":0,"1":0},"f":{"0":0},"b":{"0":[0,0]},"_coverageSchema":"1a1c01bbd47fc00a2c39e90264f33305004495a9","hash":"2393b78c5ca8e6742c91e40c708134975032a6ee"}
,"/workspaces/app-beachTenis/src/components/PostLogged/ItemList/ItemListWrapper/ItemListWrapper.tsx": {"path":"/workspaces/app-beachTenis/src/components/PostLogged/ItemList/ItemListWrapper/ItemListWrapper.tsx","statementMap":{"0":{"start":{"line":11,"column":4},"end":{"line":17,"column":6}}},"fnMap":{"0":{"name":"ItemListWrapper","decl":{"start":{"line":9,"column":16},"end":{"line":9,"column":31}},"loc":{"start":{"line":9,"column":53},"end":{"line":18,"column":1}},"line":9}},"branchMap":{},"s":{"0":0},"f":{"0":0},"b":{},"_coverageSchema":"1a1c01bbd47fc00a2c39e90264f33305004495a9","hash":"359e5c9ed23abc3b2c0871c0c51738233f73ed74"}
,"/workspaces/app-beachTenis/src/components/PostLogged/LayoutPage/index.tsx": {"path":"/workspaces/app-beachTenis/src/components/PostLogged/LayoutPage/index.tsx","statementMap":{"0":{"start":{"line":5,"column":26},"end":{"line":9,"column":1}}},"fnMap":{},"branchMap":{},"s":{"0":2},"f":{},"b":{},"_coverageSchema":"1a1c01bbd47fc00a2c39e90264f33305004495a9","hash":"89c191deb3b285d45cab1cd428988c7f2673cc28"}
,"/workspaces/app-beachTenis/src/components/PostLogged/LayoutPage/Footer/Footer.tsx": {"path":"/workspaces/app-beachTenis/src/components/PostLogged/LayoutPage/Footer/Footer.tsx","statementMap":{"0":{"start":{"line":13,"column":21},"end":{"line":13,"column":34}},"1":{"start":{"line":15,"column":4},"end":{"line":37,"column":6}},"2":{"start":{"line":18,"column":72},"end":{"line":18,"column":93}},"3":{"start":{"line":30,"column":75},"end":{"line":30,"column":103}}},"fnMap":{"0":{"name":"Footer","decl":{"start":{"line":11,"column":16},"end":{"line":11,"column":22}},"loc":{"start":{"line":11,"column":25},"end":{"line":38,"column":1}},"line":11},"1":{"name":"(anonymous_1)","decl":{"start":{"line":18,"column":66},"end":{"line":18,"column":67}},"loc":{"start":{"line":18,"column":72},"end":{"line":18,"column":93}},"line":18},"2":{"name":"(anonymous_2)","decl":{"start":{"line":30,"column":69},"end":{"line":30,"column":70}},"loc":{"start":{"line":30,"column":75},"end":{"line":30,"column":103}},"line":30}},"branchMap":{},"s":{"0":0,"1":0,"2":0,"3":0},"f":{"0":0,"1":0,"2":0},"b":{},"_coverageSchema":"1a1c01bbd47fc00a2c39e90264f33305004495a9","hash":"a2382e1385cfd591caa4312e5e7bb082bd29c4de"}
,"/workspaces/app-beachTenis/src/components/PostLogged/LayoutPage/Header/Header.tsx": {"path":"/workspaces/app-beachTenis/src/components/PostLogged/LayoutPage/Header/Header.tsx","statementMap":{"0":{"start":{"line":11,"column":4},"end":{"line":15,"column":6}}},"fnMap":{"0":{"name":"Header","decl":{"start":{"line":10,"column":16},"end":{"line":10,"column":22}},"loc":{"start":{"line":10,"column":47},"end":{"line":16,"column":1}},"line":10}},"branchMap":{},"s":{"0":0},"f":{"0":0},"b":{},"_coverageSchema":"1a1c01bbd47fc00a2c39e90264f33305004495a9","hash":"fba09c41b08233ed1112b57869b1e876fbc06dd6"}
,"/workspaces/app-beachTenis/src/components/PostLogged/LayoutPage/Layout/Layout.tsx": {"path":"/workspaces/app-beachTenis/src/components/PostLogged/LayoutPage/Layout/Layout.tsx","statementMap":{"0":{"start":{"line":12,"column":4},"end":{"line":23,"column":6}}},"fnMap":{"0":{"name":"Layout","decl":{"start":{"line":11,"column":16},"end":{"line":11,"column":22}},"loc":{"start":{"line":11,"column":51},"end":{"line":24,"column":1}},"line":11}},"branchMap":{},"s":{"0":0},"f":{"0":0},"b":{},"_coverageSchema":"1a1c01bbd47fc00a2c39e90264f33305004495a9","hash":"a07d70d3ae290d1a3caa62ff726b93b3f85e7da7"}
,"/workspaces/app-beachTenis/src/components/PostLogged/TextArea/TextArea.tsx": {"path":"/workspaces/app-beachTenis/src/components/PostLogged/TextArea/TextArea.tsx","statementMap":{"0":{"start":{"line":10,"column":24},"end":{"line":16,"column":2}},"1":{"start":{"line":11,"column":4},"end":{"line":15,"column":16}}},"fnMap":{"0":{"name":"(anonymous_0)","decl":{"start":{"line":10,"column":77},"end":{"line":10,"column":78}},"loc":{"start":{"line":11,"column":4},"end":{"line":15,"column":16}},"line":11}},"branchMap":{},"s":{"0":2,"1":0},"f":{"0":0},"b":{},"_coverageSchema":"1a1c01bbd47fc00a2c39e90264f33305004495a9","hash":"a1a7473cc08d21873a122c2cdbe25bede1d745cf"}
,"/workspaces/app-beachTenis/src/components/RadioGroupGender/RadioGroupGender.tsx": {"path":"/workspaces/app-beachTenis/src/components/RadioGroupGender/RadioGroupGender.tsx","statementMap":{"0":{"start":{"line":11,"column":32},"end":{"line":36,"column":2}},"1":{"start":{"line":12,"column":4},"end":{"line":35,"column":10}}},"fnMap":{"0":{"name":"(anonymous_0)","decl":{"start":{"line":11,"column":90},"end":{"line":11,"column":91}},"loc":{"start":{"line":12,"column":4},"end":{"line":35,"column":10}},"line":12}},"branchMap":{"0":{"loc":{"start":{"line":15,"column":28},"end":{"line":15,"column":113}},"type":"cond-expr","locations":[{"start":{"line":15,"column":39},"end":{"line":15,"column":90}},{"start":{"line":15,"column":93},"end":{"line":15,"column":113}}],"line":15},"1":{"loc":{"start":{"line":16,"column":34},"end":{"line":16,"column":86}},"type":"cond-expr","locations":[{"start":{"line":16,"column":45},"end":{"line":16,"column":62}},{"start":{"line":16,"column":65},"end":{"line":16,"column":86}}],"line":16},"2":{"loc":{"start":{"line":24,"column":34},"end":{"line":24,"column":86}},"type":"cond-expr","locations":[{"start":{"line":24,"column":45},"end":{"line":24,"column":62}},{"start":{"line":24,"column":65},"end":{"line":24,"column":86}}],"line":24}},"s":{"0":2,"1":2},"f":{"0":2},"b":{"0":[0,2],"1":[0,2],"2":[0,2]},"_coverageSchema":"1a1c01bbd47fc00a2c39e90264f33305004495a9","hash":"2894bfab5b46af10dbc0e54f2dcbccffca1525cd"}
,"/workspaces/app-beachTenis/src/constants/wordsPhrases.ts": {"path":"/workspaces/app-beachTenis/src/constants/wordsPhrases.ts","statementMap":{"0":{"start":{"line":3,"column":42},"end":{"line":3,"column":55}},"1":{"start":{"line":4,"column":44},"end":{"line":4,"column":58}},"2":{"start":{"line":7,"column":60},"end":{"line":7,"column":81}},"3":{"start":{"line":8,"column":60},"end":{"line":8,"column":81}},"4":{"start":{"line":9,"column":56},"end":{"line":9,"column":75}},"5":{"start":{"line":10,"column":56},"end":{"line":10,"column":75}},"6":{"start":{"line":11,"column":53},"end":{"line":11,"column":71}},"7":{"start":{"line":12,"column":32},"end":{"line":12,"column":38}},"8":{"start":{"line":13,"column":59},"end":{"line":13,"column":75}},"9":{"start":{"line":14,"column":75},"end":{"line":14,"column":103}},"10":{"start":{"line":15,"column":30},"end":{"line":15,"column":37}},"11":{"start":{"line":16,"column":42},"end":{"line":16,"column":55}},"12":{"start":{"line":17,"column":30},"end":{"line":17,"column":38}},"13":{"start":{"line":18,"column":32},"end":{"line":18,"column":41}},"14":{"start":{"line":19,"column":44},"end":{"line":19,"column":58}},"15":{"start":{"line":20,"column":28},"end":{"line":20,"column":34}},"16":{"start":{"line":21,"column":32},"end":{"line":21,"column":40}},"17":{"start":{"line":22,"column":36},"end":{"line":22,"column":46}},"18":{"start":{"line":23,"column":44},"end":{"line":23,"column":58}},"19":{"start":{"line":24,"column":32},"end":{"line":24,"column":40}},"20":{"start":{"line":25,"column":38},"end":{"line":25,"column":49}},"21":{"start":{"line":26,"column":36},"end":{"line":26,"column":46}},"22":{"start":{"line":27,"column":44},"end":{"line":27,"column":58}},"23":{"start":{"line":28,"column":28},"end":{"line":28,"column":34}},"24":{"start":{"line":29,"column":30},"end":{"line":29,"column":37}},"25":{"start":{"line":30,"column":42},"end":{"line":30,"column":55}},"26":{"start":{"line":31,"column":34},"end":{"line":31,"column":43}},"27":{"start":{"line":32,"column":78},"end":{"line":32,"column":108}},"28":{"start":{"line":33,"column":78},"end":{"line":33,"column":108}},"29":{"start":{"line":34,"column":74},"end":{"line":34,"column":102}},"30":{"start":{"line":35,"column":74},"end":{"line":35,"column":102}},"31":{"start":{"line":36,"column":32},"end":{"line":36,"column":40}},"32":{"start":{"line":37,"column":36},"end":{"line":37,"column":46}},"33":{"start":{"line":41,"column":25},"end":{"line":41,"column":36}},"34":{"start":{"line":42,"column":27},"end":{"line":42,"column":40}},"35":{"start":{"line":43,"column":23},"end":{"line":43,"column":32}},"36":{"start":{"line":44,"column":22},"end":{"line":44,"column":30}},"37":{"start":{"line":45,"column":27},"end":{"line":45,"column":41}},"38":{"start":{"line":46,"column":25},"end":{"line":46,"column":37}},"39":{"start":{"line":47,"column":33},"end":{"line":47,"column":53}},"40":{"start":{"line":48,"column":20},"end":{"line":48,"column":26}},"41":{"start":{"line":49,"column":25},"end":{"line":49,"column":36}},"42":{"start":{"line":50,"column":25},"end":{"line":50,"column":36}},"43":{"start":{"line":51,"column":23},"end":{"line":51,"column":32}},"44":{"start":{"line":52,"column":22},"end":{"line":52,"column":30}},"45":{"start":{"line":53,"column":21},"end":{"line":53,"column":28}},"46":{"start":{"line":54,"column":27},"end":{"line":54,"column":41}},"47":{"start":{"line":55,"column":24},"end":{"line":55,"column":34}},"48":{"start":{"line":56,"column":30},"end":{"line":56,"column":50}},"49":{"start":{"line":57,"column":25},"end":{"line":57,"column":36}},"50":{"start":{"line":58,"column":24},"end":{"line":58,"column":34}},"51":{"start":{"line":59,"column":22},"end":{"line":59,"column":30}},"52":{"start":{"line":60,"column":22},"end":{"line":60,"column":30}},"53":{"start":{"line":61,"column":25},"end":{"line":61,"column":37}},"54":{"start":{"line":62,"column":31},"end":{"line":62,"column":52}},"55":{"start":{"line":63,"column":26},"end":{"line":63,"column":38}},"56":{"start":{"line":64,"column":28},"end":{"line":64,"column":41}},"57":{"start":{"line":67,"column":38},"end":{"line":67,"column":75}},"58":{"start":{"line":68,"column":31},"end":{"line":68,"column":63}},"59":{"start":{"line":71,"column":26},"end":{"line":71,"column":43}},"60":{"start":{"line":72,"column":31},"end":{"line":72,"column":53}},"61":{"start":{"line":73,"column":35},"end":{"line":73,"column":60}},"62":{"start":{"line":74,"column":26},"end":{"line":74,"column":44}},"63":{"start":{"line":75,"column":45},"end":{"line":75,"column":88}},"64":{"start":{"line":76,"column":60},"end":{"line":76,"column":123}},"65":{"start":{"line":77,"column":52},"end":{"line":77,"column":102}},"66":{"start":{"line":78,"column":59},"end":{"line":78,"column":121}},"67":{"start":{"line":80,"column":34},"end":{"line":80,"column":74}},"68":{"start":{"line":82,"column":30},"end":{"line":82,"column":52}},"69":{"start":{"line":84,"column":27},"end":{"line":84,"column":57}},"70":{"start":{"line":85,"column":33},"end":{"line":85,"column":58}},"71":{"start":{"line":87,"column":36},"end":{"line":87,"column":67}},"72":{"start":{"line":88,"column":38},"end":{"line":88,"column":68}},"73":{"start":{"line":90,"column":27},"end":{"line":90,"column":44}},"74":{"start":{"line":91,"column":36},"end":{"line":91,"column":63}},"75":{"start":{"line":92,"column":42},"end":{"line":92,"column":79}},"76":{"start":{"line":94,"column":31},"end":{"line":94,"column":54}},"77":{"start":{"line":95,"column":35},"end":{"line":95,"column":53}},"78":{"start":{"line":97,"column":37},"end":{"line":97,"column":68}}},"fnMap":{},"branchMap":{},"s":{"0":2,"1":2,"2":2,"3":2,"4":2,"5":2,"6":2,"7":2,"8":2,"9":2,"10":2,"11":2,"12":2,"13":2,"14":2,"15":2,"16":2,"17":2,"18":2,"19":2,"20":2,"21":2,"22":2,"23":2,"24":2,"25":2,"26":2,"27":2,"28":2,"29":2,"30":2,"31":2,"32":2,"33":2,"34":2,"35":2,"36":2,"37":2,"38":2,"39":2,"40":2,"41":2,"42":2,"43":2,"44":2,"45":2,"46":2,"47":2,"48":2,"49":2,"50":2,"51":2,"52":2,"53":2,"54":2,"55":2,"56":2,"57":2,"58":2,"59":2,"60":2,"61":2,"62":2,"63":2,"64":2,"65":2,"66":2,"67":2,"68":2,"69":2,"70":2,"71":2,"72":2,"73":2,"74":2,"75":2,"76":2,"77":2,"78":2},"f":{},"b":{},"_coverageSchema":"1a1c01bbd47fc00a2c39e90264f33305004495a9","hash":"2bb59f38f80011a594fb93d51b00d57a0e6b72e4"}
,"/workspaces/app-beachTenis/src/enums/routes.enum.ts": {"path":"/workspaces/app-beachTenis/src/enums/routes.enum.ts","statementMap":{},"fnMap":{},"branchMap":{},"s":{},"f":{},"b":{},"_coverageSchema":"1a1c01bbd47fc00a2c39e90264f33305004495a9","hash":"1d1389593ba324ee10acce49e747bfe23c65ff1e"}
,"/workspaces/app-beachTenis/src/helper/Validations.ts": {"path":"/workspaces/app-beachTenis/src/helper/Validations.ts","statementMap":{"0":{"start":{"line":17,"column":37},"end":{"line":19,"column":6}},"1":{"start":{"line":21,"column":35},"end":{"line":29,"column":6}},"2":{"start":{"line":31,"column":37},"end":{"line":33,"column":6}},"3":{"start":{"line":35,"column":38},"end":{"line":63,"column":5}},"4":{"start":{"line":54,"column":50},"end":{"line":54,"column":96}},"5":{"start":{"line":66,"column":37},"end":{"line":84,"column":5}},"6":{"start":{"line":74,"column":12},"end":{"line":82,"column":13}},"7":{"start":{"line":80,"column":47},"end":{"line":80,"column":90}},"8":{"start":{"line":87,"column":30},"end":{"line":90,"column":6}},"9":{"start":{"line":93,"column":35},"end":{"line":97,"column":6}},"10":{"start":{"line":100,"column":35},"end":{"line":173,"column":5}},"11":{"start":{"line":131,"column":32},"end":{"line":131,"column":101}},"12":{"start":{"line":135,"column":12},"end":{"line":143,"column":13}},"13":{"start":{"line":141,"column":63},"end":{"line":141,"column":167}},"14":{"start":{"line":146,"column":12},"end":{"line":154,"column":13}},"15":{"start":{"line":152,"column":56},"end":{"line":152,"column":151}},"16":{"start":{"line":157,"column":12},"end":{"line":165,"column":13}},"17":{"start":{"line":163,"column":61},"end":{"line":163,"column":162}},"18":{"start":{"line":176,"column":42},"end":{"line":179,"column":6}},"19":{"start":{"line":181,"column":36},"end":{"line":229,"column":5}},"20":{"start":{"line":220,"column":50},"end":{"line":220,"column":96}}},"fnMap":{"0":{"name":"(anonymous_0)","decl":{"start":{"line":54,"column":35},"end":{"line":54,"column":36}},"loc":{"start":{"line":54,"column":50},"end":{"line":54,"column":96}},"line":54},"1":{"name":"(anonymous_1)","decl":{"start":{"line":73,"column":24},"end":{"line":73,"column":25}},"loc":{"start":{"line":73,"column":46},"end":{"line":83,"column":9}},"line":73},"2":{"name":"(anonymous_2)","decl":{"start":{"line":80,"column":32},"end":{"line":80,"column":33}},"loc":{"start":{"line":80,"column":47},"end":{"line":80,"column":90}},"line":80},"3":{"name":"(anonymous_3)","decl":{"start":{"line":131,"column":25},"end":{"line":131,"column":26}},"loc":{"start":{"line":131,"column":32},"end":{"line":131,"column":101}},"line":131},"4":{"name":"(anonymous_4)","decl":{"start":{"line":134,"column":33},"end":{"line":134,"column":34}},"loc":{"start":{"line":134,"column":66},"end":{"line":144,"column":9}},"line":134},"5":{"name":"(anonymous_5)","decl":{"start":{"line":141,"column":48},"end":{"line":141,"column":49}},"loc":{"start":{"line":141,"column":63},"end":{"line":141,"column":167}},"line":141},"6":{"name":"(anonymous_6)","decl":{"start":{"line":145,"column":31},"end":{"line":145,"column":32}},"loc":{"start":{"line":145,"column":64},"end":{"line":155,"column":9}},"line":145},"7":{"name":"(anonymous_7)","decl":{"start":{"line":152,"column":41},"end":{"line":152,"column":42}},"loc":{"start":{"line":152,"column":56},"end":{"line":152,"column":151}},"line":152},"8":{"name":"(anonymous_8)","decl":{"start":{"line":156,"column":31},"end":{"line":156,"column":32}},"loc":{"start":{"line":156,"column":62},"end":{"line":166,"column":9}},"line":156},"9":{"name":"(anonymous_9)","decl":{"start":{"line":163,"column":46},"end":{"line":163,"column":47}},"loc":{"start":{"line":163,"column":61},"end":{"line":163,"column":162}},"line":163},"10":{"name":"(anonymous_10)","decl":{"start":{"line":220,"column":35},"end":{"line":220,"column":36}},"loc":{"start":{"line":220,"column":50},"end":{"line":220,"column":96}},"line":220}},"branchMap":{"0":{"loc":{"start":{"line":54,"column":50},"end":{"line":54,"column":96}},"type":"binary-expr","locations":[{"start":{"line":54,"column":50},"end":{"line":54,"column":74}},{"start":{"line":54,"column":78},"end":{"line":54,"column":96}}],"line":54},"1":{"loc":{"start":{"line":80,"column":47},"end":{"line":80,"column":90}},"type":"binary-expr","locations":[{"start":{"line":80,"column":47},"end":{"line":80,"column":61}},{"start":{"line":80,"column":65},"end":{"line":80,"column":90}}],"line":80},"2":{"loc":{"start":{"line":131,"column":32},"end":{"line":131,"column":101}},"type":"binary-expr","locations":[{"start":{"line":131,"column":32},"end":{"line":131,"column":68}},{"start":{"line":131,"column":72},"end":{"line":131,"column":101}}],"line":131},"3":{"loc":{"start":{"line":141,"column":63},"end":{"line":141,"column":167}},"type":"binary-expr","locations":[{"start":{"line":141,"column":63},"end":{"line":141,"column":119}},{"start":{"line":141,"column":123},"end":{"line":141,"column":167}}],"line":141},"4":{"loc":{"start":{"line":152,"column":56},"end":{"line":152,"column":151}},"type":"binary-expr","locations":[{"start":{"line":152,"column":56},"end":{"line":152,"column":111}},{"start":{"line":152,"column":115},"end":{"line":152,"column":151}}],"line":152},"5":{"loc":{"start":{"line":163,"column":61},"end":{"line":163,"column":162}},"type":"binary-expr","locations":[{"start":{"line":163,"column":61},"end":{"line":163,"column":115}},{"start":{"line":163,"column":119},"end":{"line":163,"column":162}}],"line":163},"6":{"loc":{"start":{"line":220,"column":50},"end":{"line":220,"column":96}},"type":"binary-expr","locations":[{"start":{"line":220,"column":50},"end":{"line":220,"column":74}},{"start":{"line":220,"column":78},"end":{"line":220,"column":96}}],"line":220}},"s":{"0":2,"1":2,"2":2,"3":2,"4":0,"5":2,"6":0,"7":0,"8":2,"9":2,"10":2,"11":0,"12":0,"13":0,"14":0,"15":0,"16":0,"17":0,"18":2,"19":2,"20":0},"f":{"0":0,"1":0,"2":0,"3":0,"4":0,"5":0,"6":0,"7":0,"8":0,"9":0,"10":0},"b":{"0":[0,0],"1":[0,0],"2":[0,0],"3":[0,0],"4":[0,0],"5":[0,0],"6":[0,0]},"_coverageSchema":"1a1c01bbd47fc00a2c39e90264f33305004495a9","hash":"fff10d9b57a8135d052ee686577ffeaf54d490fe"}
,"/workspaces/app-beachTenis/src/helper/convertData.ts": {"path":"/workspaces/app-beachTenis/src/helper/convertData.ts","statementMap":{"0":{"start":{"line":4,"column":4},"end":{"line":4,"column":125}},"1":{"start":{"line":9,"column":23},"end":{"line":11,"column":56}},"2":{"start":{"line":12,"column":4},"end":{"line":12,"column":22}},"3":{"start":{"line":17,"column":15},"end":{"line":17,"column":79}},"4":{"start":{"line":18,"column":4},"end":{"line":20,"column":5}},"5":{"start":{"line":19,"column":8},"end":{"line":19,"column":20}},"6":{"start":{"line":24,"column":15},"end":{"line":24,"column":48}},"7":{"start":{"line":25,"column":4},"end":{"line":27,"column":5}},"8":{"start":{"line":26,"column":8},"end":{"line":26,"column":20}},"9":{"start":{"line":31,"column":12},"end":{"line":31,"column":22}},"10":{"start":{"line":32,"column":4},"end":{"line":32,"column":24}},"11":{"start":{"line":33,"column":4},"end":{"line":33,"column":27}},"12":{"start":{"line":34,"column":4},"end":{"line":34,"column":13}},"13":{"start":{"line":38,"column":4},"end":{"line":38,"column":47}},"14":{"start":{"line":42,"column":4},"end":{"line":42,"column":47}},"15":{"start":{"line":46,"column":23},"end":{"line":46,"column":47}},"16":{"start":{"line":47,"column":20},"end":{"line":47,"column":45}},"17":{"start":{"line":48,"column":4},"end":{"line":48,"column":83}}},"fnMap":{"0":{"name":"convertData","decl":{"start":{"line":3,"column":16},"end":{"line":3,"column":27}},"loc":{"start":{"line":3,"column":47},"end":{"line":5,"column":1}},"line":3},"1":{"name":"parseDateString","decl":{"start":{"line":8,"column":16},"end":{"line":8,"column":31}},"loc":{"start":{"line":8,"column":63},"end":{"line":13,"column":1}},"line":8},"2":{"name":"stringToDate","decl":{"start":{"line":16,"column":16},"end":{"line":16,"column":28}},"loc":{"start":{"line":16,"column":41},"end":{"line":21,"column":1}},"line":16},"3":{"name":"stringToDate2","decl":{"start":{"line":23,"column":16},"end":{"line":23,"column":29}},"loc":{"start":{"line":23,"column":42},"end":{"line":28,"column":1}},"line":23},"4":{"name":"dateDayActual","decl":{"start":{"line":30,"column":16},"end":{"line":30,"column":29}},"loc":{"start":{"line":30,"column":37},"end":{"line":35,"column":1}},"line":30},"5":{"name":"americanDateString","decl":{"start":{"line":37,"column":16},"end":{"line":37,"column":34}},"loc":{"start":{"line":37,"column":48},"end":{"line":39,"column":1}},"line":37},"6":{"name":"brazilDateString","decl":{"start":{"line":41,"column":16},"end":{"line":41,"column":32}},"loc":{"start":{"line":41,"column":46},"end":{"line":43,"column":1}},"line":41},"7":{"name":"calcAgeFromDate","decl":{"start":{"line":45,"column":16},"end":{"line":45,"column":31}},"loc":{"start":{"line":45,"column":53},"end":{"line":49,"column":1}},"line":45}},"branchMap":{"0":{"loc":{"start":{"line":4,"column":32},"end":{"line":4,"column":100}},"type":"cond-expr","locations":[{"start":{"line":4,"column":57},"end":{"line":4,"column":80}},{"start":{"line":4,"column":83},"end":{"line":4,"column":100}}],"line":4},"1":{"loc":{"start":{"line":9,"column":23},"end":{"line":11,"column":56}},"type":"cond-expr","locations":[{"start":{"line":10,"column":10},"end":{"line":10,"column":23}},{"start":{"line":11,"column":10},"end":{"line":11,"column":56}}],"line":9},"2":{"loc":{"start":{"line":18,"column":4},"end":{"line":20,"column":5}},"type":"if","locations":[{"start":{"line":18,"column":4},"end":{"line":20,"column":5}},{"start":{"line":18,"column":4},"end":{"line":20,"column":5}}],"line":18},"3":{"loc":{"start":{"line":25,"column":4},"end":{"line":27,"column":5}},"type":"if","locations":[{"start":{"line":25,"column":4},"end":{"line":27,"column":5}},{"start":{"line":25,"column":4},"end":{"line":27,"column":5}}],"line":25}},"s":{"0":0,"1":0,"2":0,"3":0,"4":0,"5":0,"6":0,"7":0,"8":0,"9":0,"10":0,"11":0,"12":0,"13":0,"14":0,"15":0,"16":0,"17":0},"f":{"0":0,"1":0,"2":0,"3":0,"4":0,"5":0,"6":0,"7":0},"b":{"0":[0,0],"1":[0,0],"2":[0,0],"3":[0,0]},"_coverageSchema":"1a1c01bbd47fc00a2c39e90264f33305004495a9","hash":"c91064118a25bcde03c0ede787b62dddc3545556"}
,"/workspaces/app-beachTenis/src/pages/PostLogged/EditProfile/Presentation/FormEditProfile.tsx": {"path":"/workspaces/app-beachTenis/src/pages/PostLogged/EditProfile/Presentation/FormEditProfile.tsx","statementMap":{"0":{"start":{"line":26,"column":24},"end":{"line":26,"column":51}},"1":{"start":{"line":28,"column":78},"end":{"line":28,"column":89}},"2":{"start":{"line":31,"column":4},"end":{"line":40,"column":24}},"3":{"start":{"line":32,"column":8},"end":{"line":39,"column":9}},"4":{"start":{"line":33,"column":12},"end":{"line":33,"column":58}},"5":{"start":{"line":34,"column":12},"end":{"line":34,"column":52}},"6":{"start":{"line":35,"column":12},"end":{"line":35,"column":64}},"7":{"start":{"line":36,"column":12},"end":{"line":36,"column":50}},"8":{"start":{"line":37,"column":12},"end":{"line":37,"column":98}},"9":{"start":{"line":38,"column":12},"end":{"line":38,"column":54}},"10":{"start":{"line":44,"column":8},"end":{"line":44,"column":66}},"11":{"start":{"line":45,"column":8},"end":{"line":45,"column":21}},"12":{"start":{"line":48,"column":4},"end":{"line":100,"column":6}},"13":{"start":{"line":78,"column":46},"end":{"line":78,"column":52}},"14":{"start":{"line":79,"column":48},"end":{"line":79,"column":52}}},"fnMap":{"0":{"name":"FormEditProfile","decl":{"start":{"line":24,"column":16},"end":{"line":24,"column":31}},"loc":{"start":{"line":24,"column":89},"end":{"line":101,"column":1}},"line":24},"1":{"name":"(anonymous_1)","decl":{"start":{"line":31,"column":14},"end":{"line":31,"column":15}},"loc":{"start":{"line":31,"column":20},"end":{"line":40,"column":5}},"line":31},"2":{"name":"submitForm","decl":{"start":{"line":43,"column":13},"end":{"line":43,"column":23}},"loc":{"start":{"line":43,"column":34},"end":{"line":46,"column":5}},"line":43},"3":{"name":"(anonymous_3)","decl":{"start":{"line":78,"column":41},"end":{"line":78,"column":42}},"loc":{"start":{"line":78,"column":46},"end":{"line":78,"column":52}},"line":78},"4":{"name":"(anonymous_4)","decl":{"start":{"line":79,"column":43},"end":{"line":79,"column":44}},"loc":{"start":{"line":79,"column":48},"end":{"line":79,"column":52}},"line":79}},"branchMap":{"0":{"loc":{"start":{"line":32,"column":8},"end":{"line":39,"column":9}},"type":"if","locations":[{"start":{"line":32,"column":8},"end":{"line":39,"column":9}},{"start":{"line":32,"column":8},"end":{"line":39,"column":9}}],"line":32},"1":{"loc":{"start":{"line":80,"column":29},"end":{"line":80,"column":55}},"type":"cond-expr","locations":[{"start":{"line":80,"column":43},"end":{"line":80,"column":48}},{"start":{"line":80,"column":51},"end":{"line":80,"column":55}}],"line":80}},"s":{"0":2,"1":2,"2":2,"3":2,"4":0,"5":0,"6":0,"7":0,"8":0,"9":0,"10":0,"11":0,"12":2,"13":0,"14":0},"f":{"0":2,"1":2,"2":0,"3":0,"4":0},"b":{"0":[0,2],"1":[0,2]},"_coverageSchema":"1a1c01bbd47fc00a2c39e90264f33305004495a9","hash":"6915c220434f645fd5523f8456a88a2d7109179a"}
}
