TN:
SF:src/components/PreLoggedin/index.tsx
FNF:0
FNH:0
DA:9,2
LF:1
LH:1
BRF:0
BRH:0
end_of_record
TN:
SF:src/components/PreLoggedin/Input/Input.tsx
FN:11,(anonymous_0)
FNF:1
FNH:1
FNDA:2,(anonymous_0)
DA:11,2
DA:12,2
LF:2
LH:2
BRDA:14,0,0,0
BRDA:14,0,1,2
BRF:2
BRH:1
end_of_record
TN:
SF:src/components/PreLoggedin/InputMasked/InputMasked.tsx
FN:13,(anonymous_0)
FNF:1
FNH:0
FNDA:0,(anonymous_0)
DA:13,2
DA:14,0
LF:2
LH:1
BRDA:16,0,0,0
BRDA:16,0,1,0
BRF:2
BRH:0
end_of_record
TN:
SF:src/components/PreLoggedin/LayoutPage/Footer/Footer.tsx
FN:12,Footer
FNF:1
FNH:0
FNDA:0,Footer
DA:14,0
LF:1
LH:0
BRF:0
BRH:0
end_of_record
TN:
SF:src/components/PreLoggedin/LayoutPage/Header/Header.tsx
FN:9,Header
FNF:1
FNH:0
FNDA:0,Header
DA:10,0
LF:1
LH:0
BRF:0
BRH:0
end_of_record
TN:
SF:src/components/PreLoggedin/LayoutPage/Layout/Layout.tsx
FN:14,Layout
FNF:1
FNH:0
FNDA:0,Layout
DA:16,0
LF:1
LH:0
BRF:0
BRH:0
end_of_record
TN:
SF:src/components/PreLoggedin/LinkOtherPage/LinkOtherPage.tsx
FN:12,LinkOtherPage
FNF:1
FNH:0
FNDA:0,LinkOtherPage
DA:14,0
LF:1
LH:0
BRF:0
BRH:0
end_of_record
