TN:
SF:src/components/Button/Button.tsx
FN:9,Button
FNF:1
FNH:1
FNDA:512,Button
DA:10,512
LF:1
LH:1
BRDA:9,0,0,512
BRDA:13,1,0,0
BRDA:13,1,1,512
BRF:3
BRH:2
end_of_record
TN:
SF:src/components/PostLogged/index.tsx
FNF:0
FNH:0
DA:15,30
LF:1
LH:1
BRF:0
BRH:0
end_of_record
TN:
SF:src/components/PostLogged/AddBanner/AddBanner.tsx
FN:6,AddBanner
FNF:1
FNH:1
FNDA:512,AddBanner
DA:8,512
LF:1
LH:1
BRF:0
BRH:0
end_of_record
TN:
SF:src/components/PostLogged/ButtonBack/ButtonBack.tsx
FN:11,ButtonBack
FNF:1
FNH:0
FNDA:0,ButtonBack
DA:13,0
LF:1
LH:0
BRF:0
BRH:0
end_of_record
TN:
SF:src/components/PostLogged/ButtonPlus/ButtonPlus.tsx
FN:10,ButtonPlus
FNF:1
FNH:0
FNDA:0,ButtonPlus
DA:12,0
LF:1
LH:0
BRF:0
BRH:0
end_of_record
TN:
SF:src/components/PostLogged/Combobox/Combobox.tsx
FN:13,(anonymous_0)
FN:24,(anonymous_1)
FNF:2
FNH:2
FNDA:1024,(anonymous_0)
FNDA:2048,(anonymous_1)
DA:13,30
DA:16,1024
DA:25,2048
LF:3
LH:3
BRDA:19,0,0,4
BRDA:19,0,1,1020
BRDA:25,1,0,2048
BRDA:25,1,1,0
BRDA:30,2,0,980
BRDA:30,2,1,44
BRF:6
BRH:5
end_of_record
TN:
SF:src/components/PostLogged/FormCategory/FormCategory.tsx
FN:21,FormCategory
FN:28,(anonymous_1)
FN:37,submitForm
FNF:3
FNH:0
FNDA:0,FormCategory
FNDA:0,(anonymous_1)
FNDA:0,submitForm
DA:23,0
DA:26,0
DA:28,0
DA:29,0
DA:30,0
DA:31,0
DA:32,0
DA:38,0
DA:39,0
DA:42,0
LF:10
LH:0
BRDA:29,0,0,0
BRDA:29,0,1,0
BRDA:55,1,0,0
BRDA:55,1,1,0
BRDA:66,2,0,0
BRDA:66,2,1,0
BRF:6
BRH:0
end_of_record
TN:
SF:src/components/PostLogged/FormTournament/FormTournament.tsx
FN:26,FormTournament
FN:32,(anonymous_1)
FN:47,submitForm
FN:77,(anonymous_3)
FN:78,(anonymous_4)
FN:87,(anonymous_5)
FN:88,(anonymous_6)
FNF:7
FNH:6
FNDA:512,FormTournament
FNDA:466,(anonymous_1)
FNDA:0,submitForm
FNDA:1024,(anonymous_3)
FNDA:1024,(anonymous_4)
FNDA:1024,(anonymous_5)
FNDA:1024,(anonymous_6)
DA:28,512
DA:29,512
DA:30,512
DA:32,512
DA:33,466
DA:34,466
DA:35,0
DA:36,0
DA:37,0
DA:38,0
DA:39,0
DA:40,0
DA:41,0
DA:42,0
DA:43,0
DA:48,0
DA:49,0
DA:50,0
DA:51,0
DA:52,0
DA:56,512
DA:77,1024
DA:78,1024
DA:87,1024
DA:88,1024
LF:25
LH:11
BRDA:34,0,0,0
BRDA:34,0,1,466
BRDA:79,1,0,24
BRDA:79,1,1,488
BRDA:89,2,0,20
BRDA:89,2,1,492
BRDA:142,3,0,0
BRDA:142,3,1,512
BRF:8
BRH:6
end_of_record
TN:
SF:src/components/PostLogged/FormTournamentSponsor/FormTournamentSponsor.tsx
FN:20,FormTournamentSponsor
FN:27,(anonymous_1)
FNF:2
FNH:0
FNDA:0,FormTournamentSponsor
FNDA:0,(anonymous_1)
DA:22,0
DA:25,0
DA:27,0
DA:28,0
DA:29,0
DA:30,0
DA:34,0
LF:7
LH:0
BRDA:28,0,0,0
BRDA:28,0,1,0
BRF:2
BRH:0
end_of_record
TN:
SF:src/components/PostLogged/Input/Input.tsx
FN:10,(anonymous_0)
FNF:1
FNH:1
FNDA:3072,(anonymous_0)
DA:10,30
DA:11,3072
LF:2
LH:2
BRDA:14,0,0,12
BRDA:14,0,1,3060
BRF:2
BRH:2
end_of_record
TN:
SF:src/components/PostLogged/ItemList/index.tsx
FNF:0
FNH:0
DA:8,30
LF:1
LH:1
BRF:0
BRH:0
end_of_record
TN:
SF:src/components/PostLogged/ItemList/ItemListButtons/ItemListButtons.tsx
FN:9,ItemListButtons
FNF:1
FNH:0
FNDA:0,ItemListButtons
DA:11,0
LF:1
LH:0
BRF:0
BRH:0
end_of_record
TN:
SF:src/components/PostLogged/ItemList/ItemListPeriod/ItemListPeriod.tsx
FN:9,ItemListPeriod
FNF:1
FNH:0
FNDA:0,ItemListPeriod
DA:11,0
LF:1
LH:0
BRF:0
BRH:0
end_of_record
TN:
SF:src/components/PostLogged/ItemList/ItemListPhoto/ItemListPhoto.tsx
FN:11,ItemListPhoto
FNF:1
FNH:0
FNDA:0,ItemListPhoto
DA:13,0
LF:1
LH:0
BRF:0
BRH:0
end_of_record
TN:
SF:src/components/PostLogged/ItemList/ItemListPhotos/ItemListPhotos.tsx
FN:11,ItemListPhotos
FNF:1
FNH:0
FNDA:0,ItemListPhotos
DA:13,0
LF:1
LH:0
BRF:0
BRH:0
end_of_record
TN:
SF:src/components/PostLogged/ItemList/ItemListText/ItemListText.tsx
FN:9,ItemListText
FNF:1
FNH:0
FNDA:0,ItemListText
DA:11,0
DA:13,0
LF:2
LH:0
BRDA:11,0,0,0
BRDA:11,0,1,0
BRF:2
BRH:0
end_of_record
TN:
SF:src/components/PostLogged/ItemList/ItemListWrapper/ItemListWrapper.tsx
FN:9,ItemListWrapper
FNF:1
FNH:0
FNDA:0,ItemListWrapper
DA:11,0
LF:1
LH:0
BRF:0
BRH:0
end_of_record
TN:
SF:src/components/PostLogged/LayoutPage/index.tsx
FNF:0
FNH:0
DA:5,30
LF:1
LH:1
BRF:0
BRH:0
end_of_record
TN:
SF:src/components/PostLogged/LayoutPage/Footer/Footer.tsx
FN:11,Footer
FN:18,(anonymous_1)
FN:30,(anonymous_2)
FNF:3
FNH:0
FNDA:0,Footer
FNDA:0,(anonymous_1)
FNDA:0,(anonymous_2)
DA:13,0
DA:15,0
DA:18,0
DA:30,0
LF:4
LH:0
BRF:0
BRH:0
end_of_record
TN:
SF:src/components/PostLogged/LayoutPage/Header/Header.tsx
FN:10,Header
FNF:1
FNH:0
FNDA:0,Header
DA:11,0
LF:1
LH:0
BRF:0
BRH:0
end_of_record
TN:
SF:src/components/PostLogged/LayoutPage/Layout/Layout.tsx
FN:11,Layout
FNF:1
FNH:0
FNDA:0,Layout
DA:12,0
LF:1
LH:0
BRF:0
BRH:0
end_of_record
TN:
SF:src/components/PostLogged/TextArea/TextArea.tsx
FN:10,(anonymous_0)
FNF:1
FNH:1
FNDA:512,(anonymous_0)
DA:10,30
DA:11,512
LF:2
LH:2
BRF:0
BRH:0
end_of_record
TN:
SF:src/constants/fields.ts
FNF:0
FNH:0
DA:4,30
DA:43,30
DA:58,30
DA:70,30
LF:4
LH:4
BRF:0
BRH:0
end_of_record
TN:
SF:src/constants/wordsPhrases.ts
FNF:0
FNH:0
DA:3,30
DA:4,30
DA:5,30
DA:6,30
DA:7,30
DA:8,30
DA:9,30
DA:10,30
DA:11,30
DA:12,30
DA:13,30
DA:14,30
DA:20,30
DA:21,30
DA:22,30
DA:23,30
DA:24,30
DA:25,30
DA:26,30
DA:27,30
DA:28,30
DA:29,30
DA:31,30
DA:32,30
DA:35,30
DA:36,30
DA:39,30
DA:40,30
DA:41,30
DA:42,30
DA:43,30
DA:44,30
DA:45,30
DA:46,30
DA:48,30
DA:50,30
DA:51,30
DA:53,30
DA:54,30
DA:56,30
DA:57,30
DA:58,30
DA:60,30
DA:61,30
DA:63,30
LF:45
LH:45
BRF:0
BRH:0
end_of_record
TN:
SF:src/enums/routes.enum.ts
FNF:0
FNH:0
LF:0
LH:0
BRF:0
BRH:0
end_of_record
TN:
SF:src/helper/Validations.ts
FN:23,(anonymous_0)
FN:35,(anonymous_1)
FN:84,(anonymous_2)
FN:87,(anonymous_3)
FN:94,(anonymous_4)
FN:98,(anonymous_5)
FN:105,(anonymous_6)
FN:109,(anonymous_7)
FN:116,(anonymous_8)
FNF:9
FNH:3
FNDA:0,(anonymous_0)
FNDA:0,(anonymous_1)
FNDA:0,(anonymous_2)
FNDA:512,(anonymous_3)
FNDA:0,(anonymous_4)
FNDA:512,(anonymous_5)
FNDA:0,(anonymous_6)
FNDA:512,(anonymous_7)
FNDA:0,(anonymous_8)
DA:8,30
DA:14,30
DA:18,30
DA:24,0
DA:28,30
DA:32,30
DA:36,0
DA:40,30
DA:46,30
DA:53,30
DA:84,0
DA:88,512
DA:94,0
DA:99,512
DA:105,0
DA:110,512
DA:116,0
DA:129,30
DA:135,30
DA:143,30
LF:20
LH:14
BRDA:84,0,0,0
BRDA:84,0,1,0
BRDA:94,1,0,0
BRDA:94,1,1,0
BRDA:105,2,0,0
BRDA:105,2,1,0
BRDA:116,3,0,0
BRDA:116,3,1,0
BRF:8
BRH:0
end_of_record
TN:
SF:src/helper/convertData.ts
FN:3,convertData
FN:8,parseDateString
FN:16,stringToDate
FN:23,stringToDate2
FN:30,dateDayActual
FN:37,americanDateString
FN:41,brazilDateString
FNF:7
FNH:1
FNDA:0,convertData
FNDA:60,parseDateString
FNDA:0,stringToDate
FNDA:0,stringToDate2
FNDA:0,dateDayActual
FNDA:0,americanDateString
FNDA:0,brazilDateString
DA:4,0
DA:9,60
DA:12,60
DA:17,0
DA:18,0
DA:19,0
DA:24,0
DA:25,0
DA:26,0
DA:31,0
DA:32,0
DA:33,0
DA:34,0
DA:38,0
DA:42,0
LF:15
LH:2
BRDA:9,0,0,60
BRDA:9,0,1,0
BRDA:18,1,0,0
BRDA:18,1,1,0
BRDA:25,2,0,0
BRDA:25,2,1,0
BRF:6
BRH:1
end_of_record
